CRITICAL - 2020-10-06 09:32:10 --> Undefined variable: lista_clientes
#0 C:\xampp\htdocs\BaseDatos\app\Views\inicio.php(22): CodeIgniter\Debug\Exceptions->errorHandler(8, 'Undefined varia...', 'C:\\xampp\\htdocs...', 22, Array)
#1 C:\xampp\htdocs\BaseDatos\system\View\View.php(246): include('C:\\xampp\\htdocs...')
#2 C:\xampp\htdocs\BaseDatos\system\Common.php(1119): CodeIgniter\View\View->render('inicio', Array, true)
#3 C:\xampp\htdocs\BaseDatos\app\Controllers\Inicio.php(8): view('inicio')
#4 C:\xampp\htdocs\BaseDatos\system\CodeIgniter.php(921): App\Controllers\Inicio->index()
#5 C:\xampp\htdocs\BaseDatos\system\CodeIgniter.php(407): CodeIgniter\CodeIgniter->runController(Object(App\Controllers\Inicio))
#6 C:\xampp\htdocs\BaseDatos\system\CodeIgniter.php(315): CodeIgniter\CodeIgniter->handleRequest(NULL, Object(Config\Cache), false)
#7 C:\xampp\htdocs\BaseDatos\index.php(45): CodeIgniter\CodeIgniter->run()
#8 {main}
CRITICAL - 2020-10-06 09:33:59 --> Class 'App\Controllers\Clientes_model' not found
#0 C:\xampp\htdocs\BaseDatos\system\CodeIgniter.php(921): App\Controllers\Inicio->index()
#1 C:\xampp\htdocs\BaseDatos\system\CodeIgniter.php(407): CodeIgniter\CodeIgniter->runController(Object(App\Controllers\Inicio))
#2 C:\xampp\htdocs\BaseDatos\system\CodeIgniter.php(315): CodeIgniter\CodeIgniter->handleRequest(NULL, Object(Config\Cache), false)
#3 C:\xampp\htdocs\BaseDatos\index.php(45): CodeIgniter\CodeIgniter->run()
#4 {main}
CRITICAL - 2020-10-06 09:34:18 --> Class 'App\Controllers\Clientes_model' not found
#0 C:\xampp\htdocs\BaseDatos\system\CodeIgniter.php(921): App\Controllers\Inicio->index()
#1 C:\xampp\htdocs\BaseDatos\system\CodeIgniter.php(407): CodeIgniter\CodeIgniter->runController(Object(App\Controllers\Inicio))
#2 C:\xampp\htdocs\BaseDatos\system\CodeIgniter.php(315): CodeIgniter\CodeIgniter->handleRequest(NULL, Object(Config\Cache), false)
#3 C:\xampp\htdocs\BaseDatos\index.php(45): CodeIgniter\CodeIgniter->run()
#4 {main}
CRITICAL - 2020-10-06 09:35:44 --> Illegal string offset 'cedula_cliente'
#0 C:\xampp\htdocs\BaseDatos\app\Views\inicio.php(25): CodeIgniter\Debug\Exceptions->errorHandler(2, 'Illegal string ...', 'C:\\xampp\\htdocs...', 25, Array)
#1 C:\xampp\htdocs\BaseDatos\system\View\View.php(246): include('C:\\xampp\\htdocs...')
#2 C:\xampp\htdocs\BaseDatos\system\Common.php(1119): CodeIgniter\View\View->render('inicio', Array, true)
#3 C:\xampp\htdocs\BaseDatos\app\Controllers\Inicio.php(11): view('inicio', Array)
#4 C:\xampp\htdocs\BaseDatos\system\CodeIgniter.php(921): App\Controllers\Inicio->index()
#5 C:\xampp\htdocs\BaseDatos\system\CodeIgniter.php(407): CodeIgniter\CodeIgniter->runController(Object(App\Controllers\Inicio))
#6 C:\xampp\htdocs\BaseDatos\system\CodeIgniter.php(315): CodeIgniter\CodeIgniter->handleRequest(NULL, Object(Config\Cache), false)
#7 C:\xampp\htdocs\BaseDatos\index.php(45): CodeIgniter\CodeIgniter->run()
#8 {main}
CRITICAL - 2020-10-06 09:37:02 --> Illegal string offset 'cedula_cliente'
#0 C:\xampp\htdocs\BaseDatos\app\Views\inicio.php(26): CodeIgniter\Debug\Exceptions->errorHandler(2, 'Illegal string ...', 'C:\\xampp\\htdocs...', 26, Array)
#1 C:\xampp\htdocs\BaseDatos\system\View\View.php(246): include('C:\\xampp\\htdocs...')
#2 C:\xampp\htdocs\BaseDatos\system\Common.php(1119): CodeIgniter\View\View->render('inicio', Array, true)
#3 C:\xampp\htdocs\BaseDatos\app\Controllers\Inicio.php(11): view('inicio', Array)
#4 C:\xampp\htdocs\BaseDatos\system\CodeIgniter.php(921): App\Controllers\Inicio->index()
#5 C:\xampp\htdocs\BaseDatos\system\CodeIgniter.php(407): CodeIgniter\CodeIgniter->runController(Object(App\Controllers\Inicio))
#6 C:\xampp\htdocs\BaseDatos\system\CodeIgniter.php(315): CodeIgniter\CodeIgniter->handleRequest(NULL, Object(Config\Cache), false)
#7 C:\xampp\htdocs\BaseDatos\index.php(45): CodeIgniter\CodeIgniter->run()
#8 {main}
CRITICAL - 2020-10-06 10:10:04 --> Undefined variable: nombre_tabla
#0 C:\xampp\htdocs\BaseDatos\app\Views\inicio.php(40): CodeIgniter\Debug\Exceptions->errorHandler(8, 'Undefined varia...', 'C:\\xampp\\htdocs...', 40, Array)
#1 C:\xampp\htdocs\BaseDatos\system\View\View.php(246): include('C:\\xampp\\htdocs...')
#2 C:\xampp\htdocs\BaseDatos\system\Common.php(1119): CodeIgniter\View\View->render('inicio', Array, true)
#3 C:\xampp\htdocs\BaseDatos\app\Controllers\Inicio.php(10): view('inicio')
#4 C:\xampp\htdocs\BaseDatos\system\CodeIgniter.php(921): App\Controllers\Inicio->index()
#5 C:\xampp\htdocs\BaseDatos\system\CodeIgniter.php(407): CodeIgniter\CodeIgniter->runController(Object(App\Controllers\Inicio))
#6 C:\xampp\htdocs\BaseDatos\system\CodeIgniter.php(315): CodeIgniter\CodeIgniter->handleRequest(NULL, Object(Config\Cache), false)
#7 C:\xampp\htdocs\BaseDatos\index.php(45): CodeIgniter\CodeIgniter->run()
#8 {main}
CRITICAL - 2020-10-06 10:11:29 --> Undefined variable: nombre_tabla
#0 C:\xampp\htdocs\BaseDatos\app\Views\inicio.php(40): CodeIgniter\Debug\Exceptions->errorHandler(8, 'Undefined varia...', 'C:\\xampp\\htdocs...', 40, Array)
#1 C:\xampp\htdocs\BaseDatos\system\View\View.php(246): include('C:\\xampp\\htdocs...')
#2 C:\xampp\htdocs\BaseDatos\system\Common.php(1119): CodeIgniter\View\View->render('inicio', Array, true)
#3 C:\xampp\htdocs\BaseDatos\app\Controllers\Inicio.php(10): view('inicio')
#4 C:\xampp\htdocs\BaseDatos\system\CodeIgniter.php(921): App\Controllers\Inicio->index()
#5 C:\xampp\htdocs\BaseDatos\system\CodeIgniter.php(407): CodeIgniter\CodeIgniter->runController(Object(App\Controllers\Inicio))
#6 C:\xampp\htdocs\BaseDatos\system\CodeIgniter.php(315): CodeIgniter\CodeIgniter->handleRequest(NULL, Object(Config\Cache), false)
#7 C:\xampp\htdocs\BaseDatos\index.php(45): CodeIgniter\CodeIgniter->run()
#8 {main}
CRITICAL - 2020-10-06 10:11:30 --> Undefined variable: nombre_tabla
#0 C:\xampp\htdocs\BaseDatos\app\Views\inicio.php(40): CodeIgniter\Debug\Exceptions->errorHandler(8, 'Undefined varia...', 'C:\\xampp\\htdocs...', 40, Array)
#1 C:\xampp\htdocs\BaseDatos\system\View\View.php(246): include('C:\\xampp\\htdocs...')
#2 C:\xampp\htdocs\BaseDatos\system\Common.php(1119): CodeIgniter\View\View->render('inicio', Array, true)
#3 C:\xampp\htdocs\BaseDatos\app\Controllers\Inicio.php(10): view('inicio')
#4 C:\xampp\htdocs\BaseDatos\system\CodeIgniter.php(921): App\Controllers\Inicio->index()
#5 C:\xampp\htdocs\BaseDatos\system\CodeIgniter.php(407): CodeIgniter\CodeIgniter->runController(Object(App\Controllers\Inicio))
#6 C:\xampp\htdocs\BaseDatos\system\CodeIgniter.php(315): CodeIgniter\CodeIgniter->handleRequest(NULL, Object(Config\Cache), false)
#7 C:\xampp\htdocs\BaseDatos\index.php(45): CodeIgniter\CodeIgniter->run()
#8 {main}
CRITICAL - 2020-10-06 10:16:23 --> Class 'App\Controllers\Clientes_model' not found
#0 C:\xampp\htdocs\BaseDatos\system\CodeIgniter.php(921): App\Controllers\Inicio->getClientes()
#1 C:\xampp\htdocs\BaseDatos\system\CodeIgniter.php(407): CodeIgniter\CodeIgniter->runController(Object(App\Controllers\Inicio))
#2 C:\xampp\htdocs\BaseDatos\system\CodeIgniter.php(315): CodeIgniter\CodeIgniter->handleRequest(NULL, Object(Config\Cache), false)
#3 C:\xampp\htdocs\BaseDatos\index.php(45): CodeIgniter\CodeIgniter->run()
#4 {main}
CRITICAL - 2020-10-06 10:16:33 --> syntax error, unexpected '*', expecting identifier (T_STRING) or '{'
#0 C:\xampp\htdocs\BaseDatos\system\Autoloader\Autoloader.php(296): CodeIgniter\Autoloader\Autoloader->requireFile('C:\\xampp\\htdocs...')
#1 C:\xampp\htdocs\BaseDatos\system\Autoloader\Autoloader.php(258): CodeIgniter\Autoloader\Autoloader->loadInNamespace('App\\Controllers...')
#2 [internal function]: CodeIgniter\Autoloader\Autoloader->loadClass('App\\Controllers...')
#3 [internal function]: spl_autoload_call('App\\Controllers...')
#4 C:\xampp\htdocs\BaseDatos\system\CodeIgniter.php(872): class_exists('\\App\\Controller...', true)
#5 C:\xampp\htdocs\BaseDatos\system\CodeIgniter.php(397): CodeIgniter\CodeIgniter->startController()
#6 C:\xampp\htdocs\BaseDatos\system\CodeIgniter.php(315): CodeIgniter\CodeIgniter->handleRequest(NULL, Object(Config\Cache), false)
#7 C:\xampp\htdocs\BaseDatos\index.php(45): CodeIgniter\CodeIgniter->run()
#8 {main}
CRITICAL - 2020-10-06 10:24:16 --> Class 'App\Controllers\Proveedores_model' not found
#0 C:\xampp\htdocs\BaseDatos\system\CodeIgniter.php(921): App\Controllers\Inicio->getProveedores()
#1 C:\xampp\htdocs\BaseDatos\system\CodeIgniter.php(407): CodeIgniter\CodeIgniter->runController(Object(App\Controllers\Inicio))
#2 C:\xampp\htdocs\BaseDatos\system\CodeIgniter.php(315): CodeIgniter\CodeIgniter->handleRequest(NULL, Object(Config\Cache), false)
#3 C:\xampp\htdocs\BaseDatos\index.php(45): CodeIgniter\CodeIgniter->run()
#4 {main}
CRITICAL - 2020-10-06 10:46:10 --> Unable to connect to the database.
#0 /home4/tisoluc2/public_html/system/Database/BaseConnection.php(646): CodeIgniter\Database\BaseConnection->initialize()
#1 /home4/tisoluc2/public_html/system/Database/BaseBuilder.php(1860): CodeIgniter\Database\BaseConnection->query('SELECT *\nFROM `...', Array, false)
#2 /home4/tisoluc2/public_html/system/Model.php(462): CodeIgniter\Database\BaseBuilder->get()
#3 /home4/tisoluc2/public_html/app/Controllers/Inicio.php(21): CodeIgniter\Model->findAll()
#4 /home4/tisoluc2/public_html/system/CodeIgniter.php(921): App\Controllers\Inicio->getUsuarios()
#5 /home4/tisoluc2/public_html/system/CodeIgniter.php(407): CodeIgniter\CodeIgniter->runController(Object(App\Controllers\Inicio))
#6 /home4/tisoluc2/public_html/system/CodeIgniter.php(315): CodeIgniter\CodeIgniter->handleRequest(NULL, Object(Config\Cache), false)
#7 /home4/tisoluc2/public_html/index.php(45): CodeIgniter\CodeIgniter->run()
#8 {main}
