CRITICAL - 2021-02-25 17:18:31 --> Duplicate entry '12345' for key 'documento'
#0 C:\xampp\htdocs\agroplaza\system\Database\MySQLi\Connection.php(331): mysqli->query('INSERT INTO `us...')
#1 C:\xampp\htdocs\agroplaza\system\Database\BaseConnection.php(741): CodeIgniter\Database\MySQLi\Connection->execute('INSERT INTO `us...')
#2 C:\xampp\htdocs\agroplaza\system\Database\BaseConnection.php(669): CodeIgniter\Database\BaseConnection->simpleQuery('INSERT INTO `us...')
#3 C:\xampp\htdocs\agroplaza\system\Database\BaseBuilder.php(2249): CodeIgniter\Database\BaseConnection->query('INSERT INTO `us...', Array, false)
#4 C:\xampp\htdocs\agroplaza\system\Model.php(755): CodeIgniter\Database\BaseBuilder->insert()
#5 C:\xampp\htdocs\agroplaza\system\Model.php(574): CodeIgniter\Model->insert(Array, false)
#6 C:\xampp\htdocs\agroplaza\app\Controllers\ModuloUsuarios\RegistrarAdministrador.php(47): CodeIgniter\Model->save(Array)
#7 C:\xampp\htdocs\agroplaza\system\CodeIgniter.php(921): App\Controllers\ModuloUsuarios\RegistrarAdministrador->insertar()
#8 C:\xampp\htdocs\agroplaza\system\CodeIgniter.php(407): CodeIgniter\CodeIgniter->runController(Object(App\Controllers\ModuloUsuarios\RegistrarAdministrador))
#9 C:\xampp\htdocs\agroplaza\system\CodeIgniter.php(315): CodeIgniter\CodeIgniter->handleRequest(NULL, Object(Config\Cache), false)
#10 C:\xampp\htdocs\agroplaza\index.php(45): CodeIgniter\CodeIgniter->run()
#11 {main}
CRITICAL - 2021-02-25 17:18:35 --> Duplicate entry '12345' for key 'documento'
#0 C:\xampp\htdocs\agroplaza\system\Database\MySQLi\Connection.php(331): mysqli->query('INSERT INTO `us...')
#1 C:\xampp\htdocs\agroplaza\system\Database\BaseConnection.php(741): CodeIgniter\Database\MySQLi\Connection->execute('INSERT INTO `us...')
#2 C:\xampp\htdocs\agroplaza\system\Database\BaseConnection.php(669): CodeIgniter\Database\BaseConnection->simpleQuery('INSERT INTO `us...')
#3 C:\xampp\htdocs\agroplaza\system\Database\BaseBuilder.php(2249): CodeIgniter\Database\BaseConnection->query('INSERT INTO `us...', Array, false)
#4 C:\xampp\htdocs\agroplaza\system\Model.php(755): CodeIgniter\Database\BaseBuilder->insert()
#5 C:\xampp\htdocs\agroplaza\system\Model.php(574): CodeIgniter\Model->insert(Array, false)
#6 C:\xampp\htdocs\agroplaza\app\Controllers\ModuloUsuarios\RegistrarAdministrador.php(47): CodeIgniter\Model->save(Array)
#7 C:\xampp\htdocs\agroplaza\system\CodeIgniter.php(921): App\Controllers\ModuloUsuarios\RegistrarAdministrador->insertar()
#8 C:\xampp\htdocs\agroplaza\system\CodeIgniter.php(407): CodeIgniter\CodeIgniter->runController(Object(App\Controllers\ModuloUsuarios\RegistrarAdministrador))
#9 C:\xampp\htdocs\agroplaza\system\CodeIgniter.php(315): CodeIgniter\CodeIgniter->handleRequest(NULL, Object(Config\Cache), false)
#10 C:\xampp\htdocs\agroplaza\index.php(45): CodeIgniter\CodeIgniter->run()
#11 {main}
CRITICAL - 2021-02-25 17:18:36 --> Duplicate entry '12345' for key 'documento'
#0 C:\xampp\htdocs\agroplaza\system\Database\MySQLi\Connection.php(331): mysqli->query('INSERT INTO `us...')
#1 C:\xampp\htdocs\agroplaza\system\Database\BaseConnection.php(741): CodeIgniter\Database\MySQLi\Connection->execute('INSERT INTO `us...')
#2 C:\xampp\htdocs\agroplaza\system\Database\BaseConnection.php(669): CodeIgniter\Database\BaseConnection->simpleQuery('INSERT INTO `us...')
#3 C:\xampp\htdocs\agroplaza\system\Database\BaseBuilder.php(2249): CodeIgniter\Database\BaseConnection->query('INSERT INTO `us...', Array, false)
#4 C:\xampp\htdocs\agroplaza\system\Model.php(755): CodeIgniter\Database\BaseBuilder->insert()
#5 C:\xampp\htdocs\agroplaza\system\Model.php(574): CodeIgniter\Model->insert(Array, false)
#6 C:\xampp\htdocs\agroplaza\app\Controllers\ModuloUsuarios\RegistrarAdministrador.php(47): CodeIgniter\Model->save(Array)
#7 C:\xampp\htdocs\agroplaza\system\CodeIgniter.php(921): App\Controllers\ModuloUsuarios\RegistrarAdministrador->insertar()
#8 C:\xampp\htdocs\agroplaza\system\CodeIgniter.php(407): CodeIgniter\CodeIgniter->runController(Object(App\Controllers\ModuloUsuarios\RegistrarAdministrador))
#9 C:\xampp\htdocs\agroplaza\system\CodeIgniter.php(315): CodeIgniter\CodeIgniter->handleRequest(NULL, Object(Config\Cache), false)
#10 C:\xampp\htdocs\agroplaza\index.php(45): CodeIgniter\CodeIgniter->run()
#11 {main}
CRITICAL - 2021-02-25 17:18:36 --> Duplicate entry '12345' for key 'documento'
#0 C:\xampp\htdocs\agroplaza\system\Database\MySQLi\Connection.php(331): mysqli->query('INSERT INTO `us...')
#1 C:\xampp\htdocs\agroplaza\system\Database\BaseConnection.php(741): CodeIgniter\Database\MySQLi\Connection->execute('INSERT INTO `us...')
#2 C:\xampp\htdocs\agroplaza\system\Database\BaseConnection.php(669): CodeIgniter\Database\BaseConnection->simpleQuery('INSERT INTO `us...')
#3 C:\xampp\htdocs\agroplaza\system\Database\BaseBuilder.php(2249): CodeIgniter\Database\BaseConnection->query('INSERT INTO `us...', Array, false)
#4 C:\xampp\htdocs\agroplaza\system\Model.php(755): CodeIgniter\Database\BaseBuilder->insert()
#5 C:\xampp\htdocs\agroplaza\system\Model.php(574): CodeIgniter\Model->insert(Array, false)
#6 C:\xampp\htdocs\agroplaza\app\Controllers\ModuloUsuarios\RegistrarAdministrador.php(47): CodeIgniter\Model->save(Array)
#7 C:\xampp\htdocs\agroplaza\system\CodeIgniter.php(921): App\Controllers\ModuloUsuarios\RegistrarAdministrador->insertar()
#8 C:\xampp\htdocs\agroplaza\system\CodeIgniter.php(407): CodeIgniter\CodeIgniter->runController(Object(App\Controllers\ModuloUsuarios\RegistrarAdministrador))
#9 C:\xampp\htdocs\agroplaza\system\CodeIgniter.php(315): CodeIgniter\CodeIgniter->handleRequest(NULL, Object(Config\Cache), false)
#10 C:\xampp\htdocs\agroplaza\index.php(45): CodeIgniter\CodeIgniter->run()
#11 {main}
CRITICAL - 2021-02-25 17:18:59 --> Column 'documento' cannot be null
#0 C:\xampp\htdocs\agroplaza\system\Database\MySQLi\Connection.php(331): mysqli->query('INSERT INTO `us...')
#1 C:\xampp\htdocs\agroplaza\system\Database\BaseConnection.php(741): CodeIgniter\Database\MySQLi\Connection->execute('INSERT INTO `us...')
#2 C:\xampp\htdocs\agroplaza\system\Database\BaseConnection.php(669): CodeIgniter\Database\BaseConnection->simpleQuery('INSERT INTO `us...')
#3 C:\xampp\htdocs\agroplaza\system\Database\BaseBuilder.php(2249): CodeIgniter\Database\BaseConnection->query('INSERT INTO `us...', Array, false)
#4 C:\xampp\htdocs\agroplaza\system\Model.php(755): CodeIgniter\Database\BaseBuilder->insert()
#5 C:\xampp\htdocs\agroplaza\system\Model.php(574): CodeIgniter\Model->insert(Array, false)
#6 C:\xampp\htdocs\agroplaza\app\Controllers\ModuloUsuarios\RegistrarAdministrador.php(47): CodeIgniter\Model->save(Array)
#7 C:\xampp\htdocs\agroplaza\system\CodeIgniter.php(921): App\Controllers\ModuloUsuarios\RegistrarAdministrador->insertar()
#8 C:\xampp\htdocs\agroplaza\system\CodeIgniter.php(407): CodeIgniter\CodeIgniter->runController(Object(App\Controllers\ModuloUsuarios\RegistrarAdministrador))
#9 C:\xampp\htdocs\agroplaza\system\CodeIgniter.php(315): CodeIgniter\CodeIgniter->handleRequest(NULL, Object(Config\Cache), false)
#10 C:\xampp\htdocs\agroplaza\index.php(45): CodeIgniter\CodeIgniter->run()
#11 {main}
CRITICAL - 2021-02-25 17:19:55 --> Column 'documento' cannot be null
#0 C:\xampp\htdocs\agroplaza\system\Database\MySQLi\Connection.php(331): mysqli->query('INSERT INTO `us...')
#1 C:\xampp\htdocs\agroplaza\system\Database\BaseConnection.php(741): CodeIgniter\Database\MySQLi\Connection->execute('INSERT INTO `us...')
#2 C:\xampp\htdocs\agroplaza\system\Database\BaseConnection.php(669): CodeIgniter\Database\BaseConnection->simpleQuery('INSERT INTO `us...')
#3 C:\xampp\htdocs\agroplaza\system\Database\BaseBuilder.php(2249): CodeIgniter\Database\BaseConnection->query('INSERT INTO `us...', Array, false)
#4 C:\xampp\htdocs\agroplaza\system\Model.php(755): CodeIgniter\Database\BaseBuilder->insert()
#5 C:\xampp\htdocs\agroplaza\system\Model.php(574): CodeIgniter\Model->insert(Array, false)
#6 C:\xampp\htdocs\agroplaza\app\Controllers\ModuloUsuarios\RegistrarAdministrador.php(47): CodeIgniter\Model->save(Array)
#7 C:\xampp\htdocs\agroplaza\system\CodeIgniter.php(921): App\Controllers\ModuloUsuarios\RegistrarAdministrador->insertar()
#8 C:\xampp\htdocs\agroplaza\system\CodeIgniter.php(407): CodeIgniter\CodeIgniter->runController(Object(App\Controllers\ModuloUsuarios\RegistrarAdministrador))
#9 C:\xampp\htdocs\agroplaza\system\CodeIgniter.php(315): CodeIgniter\CodeIgniter->handleRequest(NULL, Object(Config\Cache), false)
#10 C:\xampp\htdocs\agroplaza\index.php(45): CodeIgniter\CodeIgniter->run()
#11 {main}
CRITICAL - 2021-02-25 17:20:15 --> Duplicate entry '12345' for key 'documento'
#0 C:\xampp\htdocs\agroplaza\system\Database\MySQLi\Connection.php(331): mysqli->query('INSERT INTO `us...')
#1 C:\xampp\htdocs\agroplaza\system\Database\BaseConnection.php(741): CodeIgniter\Database\MySQLi\Connection->execute('INSERT INTO `us...')
#2 C:\xampp\htdocs\agroplaza\system\Database\BaseConnection.php(669): CodeIgniter\Database\BaseConnection->simpleQuery('INSERT INTO `us...')
#3 C:\xampp\htdocs\agroplaza\system\Database\BaseBuilder.php(2249): CodeIgniter\Database\BaseConnection->query('INSERT INTO `us...', Array, false)
#4 C:\xampp\htdocs\agroplaza\system\Model.php(755): CodeIgniter\Database\BaseBuilder->insert()
#5 C:\xampp\htdocs\agroplaza\system\Model.php(574): CodeIgniter\Model->insert(Array, false)
#6 C:\xampp\htdocs\agroplaza\app\Controllers\ModuloUsuarios\RegistrarAdministrador.php(47): CodeIgniter\Model->save(Array)
#7 C:\xampp\htdocs\agroplaza\system\CodeIgniter.php(921): App\Controllers\ModuloUsuarios\RegistrarAdministrador->insertar()
#8 C:\xampp\htdocs\agroplaza\system\CodeIgniter.php(407): CodeIgniter\CodeIgniter->runController(Object(App\Controllers\ModuloUsuarios\RegistrarAdministrador))
#9 C:\xampp\htdocs\agroplaza\system\CodeIgniter.php(315): CodeIgniter\CodeIgniter->handleRequest(NULL, Object(Config\Cache), false)
#10 C:\xampp\htdocs\agroplaza\index.php(45): CodeIgniter\CodeIgniter->run()
#11 {main}
CRITICAL - 2021-02-25 17:24:47 --> Column 'documento' cannot be null
#0 C:\xampp\htdocs\agroplaza\system\Database\MySQLi\Connection.php(331): mysqli->query('INSERT INTO `us...')
#1 C:\xampp\htdocs\agroplaza\system\Database\BaseConnection.php(741): CodeIgniter\Database\MySQLi\Connection->execute('INSERT INTO `us...')
#2 C:\xampp\htdocs\agroplaza\system\Database\BaseConnection.php(669): CodeIgniter\Database\BaseConnection->simpleQuery('INSERT INTO `us...')
#3 C:\xampp\htdocs\agroplaza\system\Database\BaseBuilder.php(2249): CodeIgniter\Database\BaseConnection->query('INSERT INTO `us...', Array, false)
#4 C:\xampp\htdocs\agroplaza\system\Model.php(755): CodeIgniter\Database\BaseBuilder->insert()
#5 C:\xampp\htdocs\agroplaza\system\Model.php(574): CodeIgniter\Model->insert(Array, false)
#6 C:\xampp\htdocs\agroplaza\app\Controllers\ModuloUsuarios\RegistrarAdministrador.php(47): CodeIgniter\Model->save(Array)
#7 C:\xampp\htdocs\agroplaza\system\CodeIgniter.php(921): App\Controllers\ModuloUsuarios\RegistrarAdministrador->insertar()
#8 C:\xampp\htdocs\agroplaza\system\CodeIgniter.php(407): CodeIgniter\CodeIgniter->runController(Object(App\Controllers\ModuloUsuarios\RegistrarAdministrador))
#9 C:\xampp\htdocs\agroplaza\system\CodeIgniter.php(315): CodeIgniter\CodeIgniter->handleRequest(NULL, Object(Config\Cache), false)
#10 C:\xampp\htdocs\agroplaza\index.php(45): CodeIgniter\CodeIgniter->run()
#11 {main}
CRITICAL - 2021-02-25 17:27:14 --> Duplicate entry '12345' for key 'documento'
#0 C:\xampp\htdocs\agroplaza\system\Database\MySQLi\Connection.php(331): mysqli->query('INSERT INTO `us...')
#1 C:\xampp\htdocs\agroplaza\system\Database\BaseConnection.php(741): CodeIgniter\Database\MySQLi\Connection->execute('INSERT INTO `us...')
#2 C:\xampp\htdocs\agroplaza\system\Database\BaseConnection.php(669): CodeIgniter\Database\BaseConnection->simpleQuery('INSERT INTO `us...')
#3 C:\xampp\htdocs\agroplaza\system\Database\BaseBuilder.php(2249): CodeIgniter\Database\BaseConnection->query('INSERT INTO `us...', Array, false)
#4 C:\xampp\htdocs\agroplaza\system\Model.php(755): CodeIgniter\Database\BaseBuilder->insert()
#5 C:\xampp\htdocs\agroplaza\system\Model.php(574): CodeIgniter\Model->insert(Array, false)
#6 C:\xampp\htdocs\agroplaza\app\Controllers\ModuloUsuarios\RegistrarAdministrador.php(47): CodeIgniter\Model->save(Array)
#7 C:\xampp\htdocs\agroplaza\system\CodeIgniter.php(921): App\Controllers\ModuloUsuarios\RegistrarAdministrador->insertar()
#8 C:\xampp\htdocs\agroplaza\system\CodeIgniter.php(407): CodeIgniter\CodeIgniter->runController(Object(App\Controllers\ModuloUsuarios\RegistrarAdministrador))
#9 C:\xampp\htdocs\agroplaza\system\CodeIgniter.php(315): CodeIgniter\CodeIgniter->handleRequest(NULL, Object(Config\Cache), false)
#10 C:\xampp\htdocs\agroplaza\index.php(45): CodeIgniter\CodeIgniter->run()
#11 {main}
CRITICAL - 2021-02-25 17:27:32 --> Column 'documento' cannot be null
#0 C:\xampp\htdocs\agroplaza\system\Database\MySQLi\Connection.php(331): mysqli->query('INSERT INTO `us...')
#1 C:\xampp\htdocs\agroplaza\system\Database\BaseConnection.php(741): CodeIgniter\Database\MySQLi\Connection->execute('INSERT INTO `us...')
#2 C:\xampp\htdocs\agroplaza\system\Database\BaseConnection.php(669): CodeIgniter\Database\BaseConnection->simpleQuery('INSERT INTO `us...')
#3 C:\xampp\htdocs\agroplaza\system\Database\BaseBuilder.php(2249): CodeIgniter\Database\BaseConnection->query('INSERT INTO `us...', Array, false)
#4 C:\xampp\htdocs\agroplaza\system\Model.php(755): CodeIgniter\Database\BaseBuilder->insert()
#5 C:\xampp\htdocs\agroplaza\system\Model.php(574): CodeIgniter\Model->insert(Array, false)
#6 C:\xampp\htdocs\agroplaza\app\Controllers\ModuloUsuarios\RegistrarAdministrador.php(47): CodeIgniter\Model->save(Array)
#7 C:\xampp\htdocs\agroplaza\system\CodeIgniter.php(921): App\Controllers\ModuloUsuarios\RegistrarAdministrador->insertar()
#8 C:\xampp\htdocs\agroplaza\system\CodeIgniter.php(407): CodeIgniter\CodeIgniter->runController(Object(App\Controllers\ModuloUsuarios\RegistrarAdministrador))
#9 C:\xampp\htdocs\agroplaza\system\CodeIgniter.php(315): CodeIgniter\CodeIgniter->handleRequest(NULL, Object(Config\Cache), false)
#10 C:\xampp\htdocs\agroplaza\index.php(45): CodeIgniter\CodeIgniter->run()
#11 {main}
CRITICAL - 2021-02-25 17:28:52 --> Duplicate entry 'carl@gmail.com' for key 'email'
#0 C:\xampp\htdocs\agroplaza\system\Database\MySQLi\Connection.php(331): mysqli->query('INSERT INTO `us...')
#1 C:\xampp\htdocs\agroplaza\system\Database\BaseConnection.php(741): CodeIgniter\Database\MySQLi\Connection->execute('INSERT INTO `us...')
#2 C:\xampp\htdocs\agroplaza\system\Database\BaseConnection.php(669): CodeIgniter\Database\BaseConnection->simpleQuery('INSERT INTO `us...')
#3 C:\xampp\htdocs\agroplaza\system\Database\BaseBuilder.php(2249): CodeIgniter\Database\BaseConnection->query('INSERT INTO `us...', Array, false)
#4 C:\xampp\htdocs\agroplaza\system\Model.php(755): CodeIgniter\Database\BaseBuilder->insert()
#5 C:\xampp\htdocs\agroplaza\system\Model.php(574): CodeIgniter\Model->insert(Array, false)
#6 C:\xampp\htdocs\agroplaza\app\Controllers\ModuloUsuarios\RegistrarAdministrador.php(47): CodeIgniter\Model->save(Array)
#7 C:\xampp\htdocs\agroplaza\system\CodeIgniter.php(921): App\Controllers\ModuloUsuarios\RegistrarAdministrador->insertar()
#8 C:\xampp\htdocs\agroplaza\system\CodeIgniter.php(407): CodeIgniter\CodeIgniter->runController(Object(App\Controllers\ModuloUsuarios\RegistrarAdministrador))
#9 C:\xampp\htdocs\agroplaza\system\CodeIgniter.php(315): CodeIgniter\CodeIgniter->handleRequest(NULL, Object(Config\Cache), false)
#10 C:\xampp\htdocs\agroplaza\index.php(45): CodeIgniter\CodeIgniter->run()
#11 {main}
CRITICAL - 2021-02-25 17:53:19 --> sizeof(): Parameter must be an array or an object that implements Countable
#0 [internal function]: CodeIgniter\Debug\Exceptions->errorHandler(2, 'sizeof(): Param...', 'C:\\xampp\\htdocs...', 54, Array)
#1 C:\xampp\htdocs\agroplaza\app\Controllers\ModuloUsuarios\RegistrarAdministrador.php(54): sizeof(NULL)
#2 C:\xampp\htdocs\agroplaza\system\CodeIgniter.php(921): App\Controllers\ModuloUsuarios\RegistrarAdministrador->insertar()
#3 C:\xampp\htdocs\agroplaza\system\CodeIgniter.php(407): CodeIgniter\CodeIgniter->runController(Object(App\Controllers\ModuloUsuarios\RegistrarAdministrador))
#4 C:\xampp\htdocs\agroplaza\system\CodeIgniter.php(315): CodeIgniter\CodeIgniter->handleRequest(NULL, Object(Config\Cache), false)
#5 C:\xampp\htdocs\agroplaza\index.php(45): CodeIgniter\CodeIgniter->run()
#6 {main}
CRITICAL - 2021-02-25 17:53:36 --> sizeof(): Parameter must be an array or an object that implements Countable
#0 [internal function]: CodeIgniter\Debug\Exceptions->errorHandler(2, 'sizeof(): Param...', 'C:\\xampp\\htdocs...', 54, Array)
#1 C:\xampp\htdocs\agroplaza\app\Controllers\ModuloUsuarios\RegistrarAdministrador.php(54): sizeof(NULL)
#2 C:\xampp\htdocs\agroplaza\system\CodeIgniter.php(921): App\Controllers\ModuloUsuarios\RegistrarAdministrador->insertar()
#3 C:\xampp\htdocs\agroplaza\system\CodeIgniter.php(407): CodeIgniter\CodeIgniter->runController(Object(App\Controllers\ModuloUsuarios\RegistrarAdministrador))
#4 C:\xampp\htdocs\agroplaza\system\CodeIgniter.php(315): CodeIgniter\CodeIgniter->handleRequest(NULL, Object(Config\Cache), false)
#5 C:\xampp\htdocs\agroplaza\index.php(45): CodeIgniter\CodeIgniter->run()
#6 {main}
CRITICAL - 2021-02-25 17:56:32 --> Column 'documento' cannot be null
#0 C:\xampp\htdocs\agroplaza\system\Database\MySQLi\Connection.php(331): mysqli->query('INSERT INTO `us...')
#1 C:\xampp\htdocs\agroplaza\system\Database\BaseConnection.php(741): CodeIgniter\Database\MySQLi\Connection->execute('INSERT INTO `us...')
#2 C:\xampp\htdocs\agroplaza\system\Database\BaseConnection.php(669): CodeIgniter\Database\BaseConnection->simpleQuery('INSERT INTO `us...')
#3 C:\xampp\htdocs\agroplaza\system\Database\BaseBuilder.php(2249): CodeIgniter\Database\BaseConnection->query('INSERT INTO `us...', Array, false)
#4 C:\xampp\htdocs\agroplaza\system\Model.php(755): CodeIgniter\Database\BaseBuilder->insert()
#5 C:\xampp\htdocs\agroplaza\system\Model.php(574): CodeIgniter\Model->insert(Array, false)
#6 C:\xampp\htdocs\agroplaza\app\Controllers\ModuloUsuarios\RegistrarAdministrador.php(67): CodeIgniter\Model->save(Array)
#7 C:\xampp\htdocs\agroplaza\system\CodeIgniter.php(921): App\Controllers\ModuloUsuarios\RegistrarAdministrador->insertar()
#8 C:\xampp\htdocs\agroplaza\system\CodeIgniter.php(407): CodeIgniter\CodeIgniter->runController(Object(App\Controllers\ModuloUsuarios\RegistrarAdministrador))
#9 C:\xampp\htdocs\agroplaza\system\CodeIgniter.php(315): CodeIgniter\CodeIgniter->handleRequest(NULL, Object(Config\Cache), false)
#10 C:\xampp\htdocs\agroplaza\index.php(45): CodeIgniter\CodeIgniter->run()
#11 {main}
