<<<<<<< Updated upstream
CRITICAL - 2021-02-28 17:53:58 --> Unable to connect to the database.
#0 C:\xampp\htdocs\agroplaza\system\Database\BaseConnection.php(646): CodeIgniter\Database\BaseConnection->initialize()
#1 C:\xampp\htdocs\agroplaza\system\Database\BaseBuilder.php(1860): CodeIgniter\Database\BaseConnection->query('SELECT *\nFROM `...', Array, false)
#2 C:\xampp\htdocs\agroplaza\system\Model.php(404): CodeIgniter\Database\BaseBuilder->get()
#3 C:\xampp\htdocs\agroplaza\app\Controllers\Inicio.php(24): CodeIgniter\Model->find()
#4 C:\xampp\htdocs\agroplaza\system\CodeIgniter.php(921): App\Controllers\Inicio->validarDatosIngreso()
#5 C:\xampp\htdocs\agroplaza\system\CodeIgniter.php(407): CodeIgniter\CodeIgniter->runController(Object(App\Controllers\Inicio))
#6 C:\xampp\htdocs\agroplaza\system\CodeIgniter.php(315): CodeIgniter\CodeIgniter->handleRequest(NULL, Object(Config\Cache), false)
#7 C:\xampp\htdocs\agroplaza\index.php(45): CodeIgniter\CodeIgniter->run()
#8 {main}
CRITICAL - 2021-02-28 17:54:00 --> Unable to connect to the database.
#0 C:\xampp\htdocs\agroplaza\system\Database\BaseConnection.php(646): CodeIgniter\Database\BaseConnection->initialize()
#1 C:\xampp\htdocs\agroplaza\system\Database\BaseBuilder.php(1860): CodeIgniter\Database\BaseConnection->query('SELECT *\nFROM `...', Array, false)
#2 C:\xampp\htdocs\agroplaza\system\Model.php(404): CodeIgniter\Database\BaseBuilder->get()
#3 C:\xampp\htdocs\agroplaza\app\Controllers\Inicio.php(24): CodeIgniter\Model->find()
#4 C:\xampp\htdocs\agroplaza\system\CodeIgniter.php(921): App\Controllers\Inicio->validarDatosIngreso()
#5 C:\xampp\htdocs\agroplaza\system\CodeIgniter.php(407): CodeIgniter\CodeIgniter->runController(Object(App\Controllers\Inicio))
#6 C:\xampp\htdocs\agroplaza\system\CodeIgniter.php(315): CodeIgniter\CodeIgniter->handleRequest(NULL, Object(Config\Cache), false)
#7 C:\xampp\htdocs\agroplaza\index.php(45): CodeIgniter\CodeIgniter->run()
#8 {main}
CRITICAL - 2021-02-28 17:54:00 --> Unable to connect to the database.
#0 C:\xampp\htdocs\agroplaza\system\Database\BaseConnection.php(646): CodeIgniter\Database\BaseConnection->initialize()
#1 C:\xampp\htdocs\agroplaza\system\Database\BaseBuilder.php(1860): CodeIgniter\Database\BaseConnection->query('SELECT *\nFROM `...', Array, false)
#2 C:\xampp\htdocs\agroplaza\system\Model.php(404): CodeIgniter\Database\BaseBuilder->get()
#3 C:\xampp\htdocs\agroplaza\app\Controllers\Inicio.php(24): CodeIgniter\Model->find()
#4 C:\xampp\htdocs\agroplaza\system\CodeIgniter.php(921): App\Controllers\Inicio->validarDatosIngreso()
#5 C:\xampp\htdocs\agroplaza\system\CodeIgniter.php(407): CodeIgniter\CodeIgniter->runController(Object(App\Controllers\Inicio))
#6 C:\xampp\htdocs\agroplaza\system\CodeIgniter.php(315): CodeIgniter\CodeIgniter->handleRequest(NULL, Object(Config\Cache), false)
#7 C:\xampp\htdocs\agroplaza\index.php(45): CodeIgniter\CodeIgniter->run()
#8 {main}
CRITICAL - 2021-02-28 17:54:00 --> Unable to connect to the database.
#0 C:\xampp\htdocs\agroplaza\system\Database\BaseConnection.php(646): CodeIgniter\Database\BaseConnection->initialize()
#1 C:\xampp\htdocs\agroplaza\system\Database\BaseBuilder.php(1860): CodeIgniter\Database\BaseConnection->query('SELECT *\nFROM `...', Array, false)
#2 C:\xampp\htdocs\agroplaza\system\Model.php(404): CodeIgniter\Database\BaseBuilder->get()
#3 C:\xampp\htdocs\agroplaza\app\Controllers\Inicio.php(24): CodeIgniter\Model->find()
#4 C:\xampp\htdocs\agroplaza\system\CodeIgniter.php(921): App\Controllers\Inicio->validarDatosIngreso()
#5 C:\xampp\htdocs\agroplaza\system\CodeIgniter.php(407): CodeIgniter\CodeIgniter->runController(Object(App\Controllers\Inicio))
#6 C:\xampp\htdocs\agroplaza\system\CodeIgniter.php(315): CodeIgniter\CodeIgniter->handleRequest(NULL, Object(Config\Cache), false)
#7 C:\xampp\htdocs\agroplaza\index.php(45): CodeIgniter\CodeIgniter->run()
#8 {main}
CRITICAL - 2021-02-28 17:54:01 --> Unable to connect to the database.
#0 C:\xampp\htdocs\agroplaza\system\Database\BaseConnection.php(646): CodeIgniter\Database\BaseConnection->initialize()
#1 C:\xampp\htdocs\agroplaza\system\Database\BaseBuilder.php(1860): CodeIgniter\Database\BaseConnection->query('SELECT *\nFROM `...', Array, false)
#2 C:\xampp\htdocs\agroplaza\system\Model.php(404): CodeIgniter\Database\BaseBuilder->get()
#3 C:\xampp\htdocs\agroplaza\app\Controllers\Inicio.php(24): CodeIgniter\Model->find()
#4 C:\xampp\htdocs\agroplaza\system\CodeIgniter.php(921): App\Controllers\Inicio->validarDatosIngreso()
#5 C:\xampp\htdocs\agroplaza\system\CodeIgniter.php(407): CodeIgniter\CodeIgniter->runController(Object(App\Controllers\Inicio))
#6 C:\xampp\htdocs\agroplaza\system\CodeIgniter.php(315): CodeIgniter\CodeIgniter->handleRequest(NULL, Object(Config\Cache), false)
#7 C:\xampp\htdocs\agroplaza\index.php(45): CodeIgniter\CodeIgniter->run()
#8 {main}
CRITICAL - 2021-02-28 17:54:01 --> Unable to connect to the database.
#0 C:\xampp\htdocs\agroplaza\system\Database\BaseConnection.php(646): CodeIgniter\Database\BaseConnection->initialize()
#1 C:\xampp\htdocs\agroplaza\system\Database\BaseBuilder.php(1860): CodeIgniter\Database\BaseConnection->query('SELECT *\nFROM `...', Array, false)
#2 C:\xampp\htdocs\agroplaza\system\Model.php(404): CodeIgniter\Database\BaseBuilder->get()
#3 C:\xampp\htdocs\agroplaza\app\Controllers\Inicio.php(24): CodeIgniter\Model->find()
#4 C:\xampp\htdocs\agroplaza\system\CodeIgniter.php(921): App\Controllers\Inicio->validarDatosIngreso()
#5 C:\xampp\htdocs\agroplaza\system\CodeIgniter.php(407): CodeIgniter\CodeIgniter->runController(Object(App\Controllers\Inicio))
#6 C:\xampp\htdocs\agroplaza\system\CodeIgniter.php(315): CodeIgniter\CodeIgniter->handleRequest(NULL, Object(Config\Cache), false)
#7 C:\xampp\htdocs\agroplaza\index.php(45): CodeIgniter\CodeIgniter->run()
#8 {main}
CRITICAL - 2021-02-28 17:54:01 --> Unable to connect to the database.
#0 C:\xampp\htdocs\agroplaza\system\Database\BaseConnection.php(646): CodeIgniter\Database\BaseConnection->initialize()
#1 C:\xampp\htdocs\agroplaza\system\Database\BaseBuilder.php(1860): CodeIgniter\Database\BaseConnection->query('SELECT *\nFROM `...', Array, false)
#2 C:\xampp\htdocs\agroplaza\system\Model.php(404): CodeIgniter\Database\BaseBuilder->get()
#3 C:\xampp\htdocs\agroplaza\app\Controllers\Inicio.php(24): CodeIgniter\Model->find()
#4 C:\xampp\htdocs\agroplaza\system\CodeIgniter.php(921): App\Controllers\Inicio->validarDatosIngreso()
#5 C:\xampp\htdocs\agroplaza\system\CodeIgniter.php(407): CodeIgniter\CodeIgniter->runController(Object(App\Controllers\Inicio))
#6 C:\xampp\htdocs\agroplaza\system\CodeIgniter.php(315): CodeIgniter\CodeIgniter->handleRequest(NULL, Object(Config\Cache), false)
#7 C:\xampp\htdocs\agroplaza\index.php(45): CodeIgniter\CodeIgniter->run()
#8 {main}
CRITICAL - 2021-02-28 17:54:01 --> Unable to connect to the database.
#0 C:\xampp\htdocs\agroplaza\system\Database\BaseConnection.php(646): CodeIgniter\Database\BaseConnection->initialize()
#1 C:\xampp\htdocs\agroplaza\system\Database\BaseBuilder.php(1860): CodeIgniter\Database\BaseConnection->query('SELECT *\nFROM `...', Array, false)
#2 C:\xampp\htdocs\agroplaza\system\Model.php(404): CodeIgniter\Database\BaseBuilder->get()
#3 C:\xampp\htdocs\agroplaza\app\Controllers\Inicio.php(24): CodeIgniter\Model->find()
#4 C:\xampp\htdocs\agroplaza\system\CodeIgniter.php(921): App\Controllers\Inicio->validarDatosIngreso()
#5 C:\xampp\htdocs\agroplaza\system\CodeIgniter.php(407): CodeIgniter\CodeIgniter->runController(Object(App\Controllers\Inicio))
#6 C:\xampp\htdocs\agroplaza\system\CodeIgniter.php(315): CodeIgniter\CodeIgniter->handleRequest(NULL, Object(Config\Cache), false)
#7 C:\xampp\htdocs\agroplaza\index.php(45): CodeIgniter\CodeIgniter->run()
#8 {main}
CRITICAL - 2021-02-28 17:54:01 --> Unable to connect to the database.
#0 C:\xampp\htdocs\agroplaza\system\Database\BaseConnection.php(646): CodeIgniter\Database\BaseConnection->initialize()
#1 C:\xampp\htdocs\agroplaza\system\Database\BaseBuilder.php(1860): CodeIgniter\Database\BaseConnection->query('SELECT *\nFROM `...', Array, false)
#2 C:\xampp\htdocs\agroplaza\system\Model.php(404): CodeIgniter\Database\BaseBuilder->get()
#3 C:\xampp\htdocs\agroplaza\app\Controllers\Inicio.php(24): CodeIgniter\Model->find()
#4 C:\xampp\htdocs\agroplaza\system\CodeIgniter.php(921): App\Controllers\Inicio->validarDatosIngreso()
#5 C:\xampp\htdocs\agroplaza\system\CodeIgniter.php(407): CodeIgniter\CodeIgniter->runController(Object(App\Controllers\Inicio))
#6 C:\xampp\htdocs\agroplaza\system\CodeIgniter.php(315): CodeIgniter\CodeIgniter->handleRequest(NULL, Object(Config\Cache), false)
#7 C:\xampp\htdocs\agroplaza\index.php(45): CodeIgniter\CodeIgniter->run()
#8 {main}
CRITICAL - 2021-02-28 17:54:19 --> Unable to connect to the database.
#0 C:\xampp\htdocs\agroplaza\system\Database\BaseConnection.php(646): CodeIgniter\Database\BaseConnection->initialize()
#1 C:\xampp\htdocs\agroplaza\system\Database\BaseBuilder.php(1860): CodeIgniter\Database\BaseConnection->query('SELECT *\nFROM `...', Array, false)
#2 C:\xampp\htdocs\agroplaza\system\Model.php(404): CodeIgniter\Database\BaseBuilder->get()
#3 C:\xampp\htdocs\agroplaza\app\Controllers\Inicio.php(24): CodeIgniter\Model->find()
#4 C:\xampp\htdocs\agroplaza\system\CodeIgniter.php(921): App\Controllers\Inicio->validarDatosIngreso()
#5 C:\xampp\htdocs\agroplaza\system\CodeIgniter.php(407): CodeIgniter\CodeIgniter->runController(Object(App\Controllers\Inicio))
#6 C:\xampp\htdocs\agroplaza\system\CodeIgniter.php(315): CodeIgniter\CodeIgniter->handleRequest(NULL, Object(Config\Cache), false)
#7 C:\xampp\htdocs\agroplaza\index.php(45): CodeIgniter\CodeIgniter->run()
#8 {main}
CRITICAL - 2021-02-28 17:54:19 --> Unable to connect to the database.
#0 C:\xampp\htdocs\agroplaza\system\Database\BaseConnection.php(646): CodeIgniter\Database\BaseConnection->initialize()
#1 C:\xampp\htdocs\agroplaza\system\Database\BaseBuilder.php(1860): CodeIgniter\Database\BaseConnection->query('SELECT *\nFROM `...', Array, false)
#2 C:\xampp\htdocs\agroplaza\system\Model.php(404): CodeIgniter\Database\BaseBuilder->get()
#3 C:\xampp\htdocs\agroplaza\app\Controllers\Inicio.php(24): CodeIgniter\Model->find()
#4 C:\xampp\htdocs\agroplaza\system\CodeIgniter.php(921): App\Controllers\Inicio->validarDatosIngreso()
#5 C:\xampp\htdocs\agroplaza\system\CodeIgniter.php(407): CodeIgniter\CodeIgniter->runController(Object(App\Controllers\Inicio))
#6 C:\xampp\htdocs\agroplaza\system\CodeIgniter.php(315): CodeIgniter\CodeIgniter->handleRequest(NULL, Object(Config\Cache), false)
#7 C:\xampp\htdocs\agroplaza\index.php(45): CodeIgniter\CodeIgniter->run()
#8 {main}
CRITICAL - 2021-02-28 17:54:19 --> Unable to connect to the database.
#0 C:\xampp\htdocs\agroplaza\system\Database\BaseConnection.php(646): CodeIgniter\Database\BaseConnection->initialize()
#1 C:\xampp\htdocs\agroplaza\system\Database\BaseBuilder.php(1860): CodeIgniter\Database\BaseConnection->query('SELECT *\nFROM `...', Array, false)
#2 C:\xampp\htdocs\agroplaza\system\Model.php(404): CodeIgniter\Database\BaseBuilder->get()
#3 C:\xampp\htdocs\agroplaza\app\Controllers\Inicio.php(24): CodeIgniter\Model->find()
#4 C:\xampp\htdocs\agroplaza\system\CodeIgniter.php(921): App\Controllers\Inicio->validarDatosIngreso()
=======
CRITICAL - 2021-02-28 11:45:29 --> Unable to connect to the database.
#0 C:\xampp\htdocs\agroplaza\system\Database\BaseConnection.php(646): CodeIgniter\Database\BaseConnection->initialize()
#1 C:\xampp\htdocs\agroplaza\system\Database\BaseBuilder.php(1860): CodeIgniter\Database\BaseConnection->query('SELECT *\nFROM `...', Array, false)
#2 C:\xampp\htdocs\agroplaza\system\Model.php(462): CodeIgniter\Database\BaseBuilder->get()
#3 C:\xampp\htdocs\agroplaza\app\Controllers\Inicio.php(70): CodeIgniter\Model->findAll()
#4 C:\xampp\htdocs\agroplaza\system\CodeIgniter.php(921): App\Controllers\Inicio->RegistrarVendedor()
>>>>>>> Stashed changes
#5 C:\xampp\htdocs\agroplaza\system\CodeIgniter.php(407): CodeIgniter\CodeIgniter->runController(Object(App\Controllers\Inicio))
#6 C:\xampp\htdocs\agroplaza\system\CodeIgniter.php(315): CodeIgniter\CodeIgniter->handleRequest(NULL, Object(Config\Cache), false)
#7 C:\xampp\htdocs\agroplaza\index.php(45): CodeIgniter\CodeIgniter->run()
#8 {main}
<<<<<<< Updated upstream
=======
CRITICAL - 2021-02-28 13:16:25 --> syntax error, unexpected '>'
#0 C:\xampp\htdocs\agroplaza\system\Common.php(1119): CodeIgniter\View\View->render('registrar_datos...', Array, true)
#1 C:\xampp\htdocs\agroplaza\app\Controllers\Inicio.php(121): view('registrar_datos...')
#2 C:\xampp\htdocs\agroplaza\system\CodeIgniter.php(921): App\Controllers\Inicio->RegistrarDatosEspecializacion()
#3 C:\xampp\htdocs\agroplaza\system\CodeIgniter.php(407): CodeIgniter\CodeIgniter->runController(Object(App\Controllers\Inicio))
#4 C:\xampp\htdocs\agroplaza\system\CodeIgniter.php(315): CodeIgniter\CodeIgniter->handleRequest(NULL, Object(Config\Cache), false)
#5 C:\xampp\htdocs\agroplaza\index.php(45): CodeIgniter\CodeIgniter->run()
#6 {main}
>>>>>>> Stashed changes
CRITICAL - 2021-02-28 20:06:45 --> syntax error, unexpected 'todos' (T_STRING), expecting ')'
#0 C:\xampp\htdocs\agroplaza\system\Common.php(1119): CodeIgniter\View\View->render('registrar_vende...', Array, true)
#1 C:\xampp\htdocs\agroplaza\app\Controllers\Inicio.php(71): view('registrar_vende...', Array)
#2 C:\xampp\htdocs\agroplaza\system\CodeIgniter.php(921): App\Controllers\Inicio->RegistrarVendedor()
#3 C:\xampp\htdocs\agroplaza\system\CodeIgniter.php(407): CodeIgniter\CodeIgniter->runController(Object(App\Controllers\Inicio))
#4 C:\xampp\htdocs\agroplaza\system\CodeIgniter.php(315): CodeIgniter\CodeIgniter->handleRequest(NULL, Object(Config\Cache), false)
#5 C:\xampp\htdocs\agroplaza\index.php(45): CodeIgniter\CodeIgniter->run()
#6 {main}
CRITICAL - 2021-02-28 20:09:51 --> A non-numeric value encountered
#0 C:\xampp\htdocs\agroplaza\app\Views\registrar_vendedor.php(290): CodeIgniter\Debug\Exceptions->errorHandler(2, 'A non-numeric v...', 'C:\\xampp\\htdocs...', 290, Array)
#1 C:\xampp\htdocs\agroplaza\system\View\View.php(246): include('C:\\xampp\\htdocs...')
#2 C:\xampp\htdocs\agroplaza\system\Common.php(1119): CodeIgniter\View\View->render('registrar_vende...', Array, true)
#3 C:\xampp\htdocs\agroplaza\app\Controllers\Inicio.php(71): view('registrar_vende...', Array)
#4 C:\xampp\htdocs\agroplaza\system\CodeIgniter.php(921): App\Controllers\Inicio->RegistrarVendedor()
#5 C:\xampp\htdocs\agroplaza\system\CodeIgniter.php(407): CodeIgniter\CodeIgniter->runController(Object(App\Controllers\Inicio))
#6 C:\xampp\htdocs\agroplaza\system\CodeIgniter.php(315): CodeIgniter\CodeIgniter->handleRequest(NULL, Object(Config\Cache), false)
#7 C:\xampp\htdocs\agroplaza\index.php(45): CodeIgniter\CodeIgniter->run()
#8 {main}
