CRITICAL - 2021-02-27 14:35:36 --> syntax error, unexpected ')', expecting ',' or ';'
#0 C:\xampp\htdocs\agroplaza\system\Common.php(1119): CodeIgniter\View\View->render('login', Array, true)
#1 C:\xampp\htdocs\agroplaza\app\Controllers\Inicio.php(12): view('login')
#2 C:\xampp\htdocs\agroplaza\system\CodeIgniter.php(921): App\Controllers\Inicio->index()
#3 C:\xampp\htdocs\agroplaza\system\CodeIgniter.php(407): CodeIgniter\CodeIgniter->runController(Object(App\Controllers\Inicio))
#4 C:\xampp\htdocs\agroplaza\system\CodeIgniter.php(315): CodeIgniter\CodeIgniter->handleRequest(NULL, Object(Config\Cache), false)
#5 C:\xampp\htdocs\agroplaza\index.php(45): CodeIgniter\CodeIgniter->run()
#6 {main}
CRITICAL - 2021-02-27 14:36:06 --> syntax error, unexpected '" ?>;background-repeat: no-rep' (T_CONSTANT_ENCAPSED_STRING), expecting ',' or ';'
#0 C:\xampp\htdocs\agroplaza\system\Common.php(1119): CodeIgniter\View\View->render('login', Array, true)
#1 C:\xampp\htdocs\agroplaza\app\Controllers\Inicio.php(12): view('login')
#2 C:\xampp\htdocs\agroplaza\system\CodeIgniter.php(921): App\Controllers\Inicio->index()
#3 C:\xampp\htdocs\agroplaza\system\CodeIgniter.php(407): CodeIgniter\CodeIgniter->runController(Object(App\Controllers\Inicio))
#4 C:\xampp\htdocs\agroplaza\system\CodeIgniter.php(315): CodeIgniter\CodeIgniter->handleRequest(NULL, Object(Config\Cache), false)
#5 C:\xampp\htdocs\agroplaza\index.php(45): CodeIgniter\CodeIgniter->run()
#6 {main}
CRITICAL - 2021-02-27 14:36:07 --> syntax error, unexpected '" ?>;background-repeat: no-rep' (T_CONSTANT_ENCAPSED_STRING), expecting ',' or ';'
#0 C:\xampp\htdocs\agroplaza\system\Common.php(1119): CodeIgniter\View\View->render('login', Array, true)
#1 C:\xampp\htdocs\agroplaza\app\Controllers\Inicio.php(12): view('login')
#2 C:\xampp\htdocs\agroplaza\system\CodeIgniter.php(921): App\Controllers\Inicio->index()
#3 C:\xampp\htdocs\agroplaza\system\CodeIgniter.php(407): CodeIgniter\CodeIgniter->runController(Object(App\Controllers\Inicio))
#4 C:\xampp\htdocs\agroplaza\system\CodeIgniter.php(315): CodeIgniter\CodeIgniter->handleRequest(NULL, Object(Config\Cache), false)
#5 C:\xampp\htdocs\agroplaza\index.php(45): CodeIgniter\CodeIgniter->run()
#6 {main}
CRITICAL - 2021-02-27 15:31:31 --> Unable to connect to the database.
#0 C:\xampp\htdocs\agroplaza\system\Database\BaseConnection.php(646): CodeIgniter\Database\BaseConnection->initialize()
#1 C:\xampp\htdocs\agroplaza\system\Database\BaseBuilder.php(1860): CodeIgniter\Database\BaseConnection->query('SELECT *\nFROM `...', Array, false)
#2 C:\xampp\htdocs\agroplaza\system\Model.php(404): CodeIgniter\Database\BaseBuilder->get()
#3 C:\xampp\htdocs\agroplaza\app\Controllers\Inicio.php(21): CodeIgniter\Model->find()
#4 C:\xampp\htdocs\agroplaza\system\CodeIgniter.php(921): App\Controllers\Inicio->validarDatosIngreso()
#5 C:\xampp\htdocs\agroplaza\system\CodeIgniter.php(407): CodeIgniter\CodeIgniter->runController(Object(App\Controllers\Inicio))
#6 C:\xampp\htdocs\agroplaza\system\CodeIgniter.php(315): CodeIgniter\CodeIgniter->handleRequest(NULL, Object(Config\Cache), false)
#7 C:\xampp\htdocs\agroplaza\index.php(45): CodeIgniter\CodeIgniter->run()
#8 {main}
CRITICAL - 2021-02-27 15:31:33 --> Unable to connect to the database.
#0 C:\xampp\htdocs\agroplaza\system\Database\BaseConnection.php(646): CodeIgniter\Database\BaseConnection->initialize()
#1 C:\xampp\htdocs\agroplaza\system\Database\BaseBuilder.php(1860): CodeIgniter\Database\BaseConnection->query('SELECT *\nFROM `...', Array, false)
#2 C:\xampp\htdocs\agroplaza\system\Model.php(404): CodeIgniter\Database\BaseBuilder->get()
#3 C:\xampp\htdocs\agroplaza\app\Controllers\Inicio.php(21): CodeIgniter\Model->find()
#4 C:\xampp\htdocs\agroplaza\system\CodeIgniter.php(921): App\Controllers\Inicio->validarDatosIngreso()
#5 C:\xampp\htdocs\agroplaza\system\CodeIgniter.php(407): CodeIgniter\CodeIgniter->runController(Object(App\Controllers\Inicio))
#6 C:\xampp\htdocs\agroplaza\system\CodeIgniter.php(315): CodeIgniter\CodeIgniter->handleRequest(NULL, Object(Config\Cache), false)
#7 C:\xampp\htdocs\agroplaza\index.php(45): CodeIgniter\CodeIgniter->run()
#8 {main}
CRITICAL - 2021-02-27 15:31:37 --> Unable to connect to the database.
#0 C:\xampp\htdocs\agroplaza\system\Database\BaseConnection.php(646): CodeIgniter\Database\BaseConnection->initialize()
#1 C:\xampp\htdocs\agroplaza\system\Database\BaseBuilder.php(1860): CodeIgniter\Database\BaseConnection->query('SELECT *\nFROM `...', Array, false)
#2 C:\xampp\htdocs\agroplaza\system\Model.php(404): CodeIgniter\Database\BaseBuilder->get()
#3 C:\xampp\htdocs\agroplaza\app\Controllers\Inicio.php(21): CodeIgniter\Model->find()
#4 C:\xampp\htdocs\agroplaza\system\CodeIgniter.php(921): App\Controllers\Inicio->validarDatosIngreso()
#5 C:\xampp\htdocs\agroplaza\system\CodeIgniter.php(407): CodeIgniter\CodeIgniter->runController(Object(App\Controllers\Inicio))
#6 C:\xampp\htdocs\agroplaza\system\CodeIgniter.php(315): CodeIgniter\CodeIgniter->handleRequest(NULL, Object(Config\Cache), false)
#7 C:\xampp\htdocs\agroplaza\index.php(45): CodeIgniter\CodeIgniter->run()
#8 {main}
CRITICAL - 2021-02-27 15:31:37 --> Unable to connect to the database.
#0 C:\xampp\htdocs\agroplaza\system\Database\BaseConnection.php(646): CodeIgniter\Database\BaseConnection->initialize()
#1 C:\xampp\htdocs\agroplaza\system\Database\BaseBuilder.php(1860): CodeIgniter\Database\BaseConnection->query('SELECT *\nFROM `...', Array, false)
#2 C:\xampp\htdocs\agroplaza\system\Model.php(404): CodeIgniter\Database\BaseBuilder->get()
#3 C:\xampp\htdocs\agroplaza\app\Controllers\Inicio.php(21): CodeIgniter\Model->find()
#4 C:\xampp\htdocs\agroplaza\system\CodeIgniter.php(921): App\Controllers\Inicio->validarDatosIngreso()
#5 C:\xampp\htdocs\agroplaza\system\CodeIgniter.php(407): CodeIgniter\CodeIgniter->runController(Object(App\Controllers\Inicio))
#6 C:\xampp\htdocs\agroplaza\system\CodeIgniter.php(315): CodeIgniter\CodeIgniter->handleRequest(NULL, Object(Config\Cache), false)
#7 C:\xampp\htdocs\agroplaza\index.php(45): CodeIgniter\CodeIgniter->run()
#8 {main}
CRITICAL - 2021-02-27 15:31:38 --> Unable to connect to the database.
#0 C:\xampp\htdocs\agroplaza\system\Database\BaseConnection.php(646): CodeIgniter\Database\BaseConnection->initialize()
#1 C:\xampp\htdocs\agroplaza\system\Database\BaseBuilder.php(1860): CodeIgniter\Database\BaseConnection->query('SELECT *\nFROM `...', Array, false)
#2 C:\xampp\htdocs\agroplaza\system\Model.php(404): CodeIgniter\Database\BaseBuilder->get()
#3 C:\xampp\htdocs\agroplaza\app\Controllers\Inicio.php(21): CodeIgniter\Model->find()
#4 C:\xampp\htdocs\agroplaza\system\CodeIgniter.php(921): App\Controllers\Inicio->validarDatosIngreso()
#5 C:\xampp\htdocs\agroplaza\system\CodeIgniter.php(407): CodeIgniter\CodeIgniter->runController(Object(App\Controllers\Inicio))
#6 C:\xampp\htdocs\agroplaza\system\CodeIgniter.php(315): CodeIgniter\CodeIgniter->handleRequest(NULL, Object(Config\Cache), false)
#7 C:\xampp\htdocs\agroplaza\index.php(45): CodeIgniter\CodeIgniter->run()
#8 {main}
CRITICAL - 2021-02-27 15:31:38 --> Unable to connect to the database.
#0 C:\xampp\htdocs\agroplaza\system\Database\BaseConnection.php(646): CodeIgniter\Database\BaseConnection->initialize()
#1 C:\xampp\htdocs\agroplaza\system\Database\BaseBuilder.php(1860): CodeIgniter\Database\BaseConnection->query('SELECT *\nFROM `...', Array, false)
#2 C:\xampp\htdocs\agroplaza\system\Model.php(404): CodeIgniter\Database\BaseBuilder->get()
#3 C:\xampp\htdocs\agroplaza\app\Controllers\Inicio.php(21): CodeIgniter\Model->find()
#4 C:\xampp\htdocs\agroplaza\system\CodeIgniter.php(921): App\Controllers\Inicio->validarDatosIngreso()
#5 C:\xampp\htdocs\agroplaza\system\CodeIgniter.php(407): CodeIgniter\CodeIgniter->runController(Object(App\Controllers\Inicio))
#6 C:\xampp\htdocs\agroplaza\system\CodeIgniter.php(315): CodeIgniter\CodeIgniter->handleRequest(NULL, Object(Config\Cache), false)
#7 C:\xampp\htdocs\agroplaza\index.php(45): CodeIgniter\CodeIgniter->run()
#8 {main}
CRITICAL - 2021-02-27 15:50:23 --> Class 'App\Models\DepartamentosModel' not found
#0 C:\xampp\htdocs\agroplaza\system\CodeIgniter.php(921): App\Controllers\Inicio->RegistrarVendedor()
#1 C:\xampp\htdocs\agroplaza\system\CodeIgniter.php(407): CodeIgniter\CodeIgniter->runController(Object(App\Controllers\Inicio))
#2 C:\xampp\htdocs\agroplaza\system\CodeIgniter.php(315): CodeIgniter\CodeIgniter->handleRequest(NULL, Object(Config\Cache), false)
#3 C:\xampp\htdocs\agroplaza\index.php(45): CodeIgniter\CodeIgniter->run()
#4 {main}
CRITICAL - 2021-02-27 15:54:03 --> Class 'App\Models\DepartamentosModel' not found
#0 C:\xampp\htdocs\agroplaza\system\CodeIgniter.php(921): App\Controllers\Inicio->RegistrarVendedor()
#1 C:\xampp\htdocs\agroplaza\system\CodeIgniter.php(407): CodeIgniter\CodeIgniter->runController(Object(App\Controllers\Inicio))
#2 C:\xampp\htdocs\agroplaza\system\CodeIgniter.php(315): CodeIgniter\CodeIgniter->handleRequest(NULL, Object(Config\Cache), false)
#3 C:\xampp\htdocs\agroplaza\index.php(45): CodeIgniter\CodeIgniter->run()
#4 {main}
CRITICAL - 2021-02-27 15:54:47 --> Unable to connect to the database.
#0 C:\xampp\htdocs\agroplaza\system\Database\BaseConnection.php(646): CodeIgniter\Database\BaseConnection->initialize()
#1 C:\xampp\htdocs\agroplaza\system\Database\BaseBuilder.php(1860): CodeIgniter\Database\BaseConnection->query('SELECT *\nFROM `...', Array, false)
#2 C:\xampp\htdocs\agroplaza\system\Model.php(462): CodeIgniter\Database\BaseBuilder->get()
#3 C:\xampp\htdocs\agroplaza\app\Controllers\Inicio.php(61): CodeIgniter\Model->findAll()
#4 C:\xampp\htdocs\agroplaza\system\CodeIgniter.php(921): App\Controllers\Inicio->RegistrarVendedor()
#5 C:\xampp\htdocs\agroplaza\system\CodeIgniter.php(407): CodeIgniter\CodeIgniter->runController(Object(App\Controllers\Inicio))
#6 C:\xampp\htdocs\agroplaza\system\CodeIgniter.php(315): CodeIgniter\CodeIgniter->handleRequest(NULL, Object(Config\Cache), false)
#7 C:\xampp\htdocs\agroplaza\index.php(45): CodeIgniter\CodeIgniter->run()
#8 {main}
CRITICAL - 2021-02-27 15:55:22 --> Unable to connect to the database.
#0 C:\xampp\htdocs\agroplaza\system\Database\BaseConnection.php(646): CodeIgniter\Database\BaseConnection->initialize()
#1 C:\xampp\htdocs\agroplaza\system\Database\BaseBuilder.php(1860): CodeIgniter\Database\BaseConnection->query('SELECT *\nFROM `...', Array, false)
#2 C:\xampp\htdocs\agroplaza\system\Model.php(462): CodeIgniter\Database\BaseBuilder->get()
#3 C:\xampp\htdocs\agroplaza\app\Controllers\Inicio.php(61): CodeIgniter\Model->findAll()
#4 C:\xampp\htdocs\agroplaza\system\CodeIgniter.php(921): App\Controllers\Inicio->RegistrarVendedor()
#5 C:\xampp\htdocs\agroplaza\system\CodeIgniter.php(407): CodeIgniter\CodeIgniter->runController(Object(App\Controllers\Inicio))
#6 C:\xampp\htdocs\agroplaza\system\CodeIgniter.php(315): CodeIgniter\CodeIgniter->handleRequest(NULL, Object(Config\Cache), false)
#7 C:\xampp\htdocs\agroplaza\index.php(45): CodeIgniter\CodeIgniter->run()
#8 {main}
CRITICAL - 2021-02-27 15:55:23 --> Unable to connect to the database.
#0 C:\xampp\htdocs\agroplaza\system\Database\BaseConnection.php(646): CodeIgniter\Database\BaseConnection->initialize()
#1 C:\xampp\htdocs\agroplaza\system\Database\BaseBuilder.php(1860): CodeIgniter\Database\BaseConnection->query('SELECT *\nFROM `...', Array, false)
#2 C:\xampp\htdocs\agroplaza\system\Model.php(462): CodeIgniter\Database\BaseBuilder->get()
#3 C:\xampp\htdocs\agroplaza\app\Controllers\Inicio.php(61): CodeIgniter\Model->findAll()
#4 C:\xampp\htdocs\agroplaza\system\CodeIgniter.php(921): App\Controllers\Inicio->RegistrarVendedor()
#5 C:\xampp\htdocs\agroplaza\system\CodeIgniter.php(407): CodeIgniter\CodeIgniter->runController(Object(App\Controllers\Inicio))
#6 C:\xampp\htdocs\agroplaza\system\CodeIgniter.php(315): CodeIgniter\CodeIgniter->handleRequest(NULL, Object(Config\Cache), false)
#7 C:\xampp\htdocs\agroplaza\index.php(45): CodeIgniter\CodeIgniter->run()
#8 {main}
CRITICAL - 2021-02-27 15:55:23 --> Unable to connect to the database.
#0 C:\xampp\htdocs\agroplaza\system\Database\BaseConnection.php(646): CodeIgniter\Database\BaseConnection->initialize()
#1 C:\xampp\htdocs\agroplaza\system\Database\BaseBuilder.php(1860): CodeIgniter\Database\BaseConnection->query('SELECT *\nFROM `...', Array, false)
#2 C:\xampp\htdocs\agroplaza\system\Model.php(462): CodeIgniter\Database\BaseBuilder->get()
#3 C:\xampp\htdocs\agroplaza\app\Controllers\Inicio.php(61): CodeIgniter\Model->findAll()
#4 C:\xampp\htdocs\agroplaza\system\CodeIgniter.php(921): App\Controllers\Inicio->RegistrarVendedor()
#5 C:\xampp\htdocs\agroplaza\system\CodeIgniter.php(407): CodeIgniter\CodeIgniter->runController(Object(App\Controllers\Inicio))
#6 C:\xampp\htdocs\agroplaza\system\CodeIgniter.php(315): CodeIgniter\CodeIgniter->handleRequest(NULL, Object(Config\Cache), false)
#7 C:\xampp\htdocs\agroplaza\index.php(45): CodeIgniter\CodeIgniter->run()
#8 {main}
CRITICAL - 2021-02-27 15:55:34 --> Unable to connect to the database.
#0 C:\xampp\htdocs\agroplaza\system\Database\BaseConnection.php(646): CodeIgniter\Database\BaseConnection->initialize()
#1 C:\xampp\htdocs\agroplaza\system\Database\BaseBuilder.php(1860): CodeIgniter\Database\BaseConnection->query('SELECT *\nFROM `...', Array, false)
#2 C:\xampp\htdocs\agroplaza\system\Model.php(404): CodeIgniter\Database\BaseBuilder->get()
#3 C:\xampp\htdocs\agroplaza\app\Controllers\Inicio.php(23): CodeIgniter\Model->find()
#4 C:\xampp\htdocs\agroplaza\system\CodeIgniter.php(921): App\Controllers\Inicio->validarDatosIngreso()
#5 C:\xampp\htdocs\agroplaza\system\CodeIgniter.php(407): CodeIgniter\CodeIgniter->runController(Object(App\Controllers\Inicio))
#6 C:\xampp\htdocs\agroplaza\system\CodeIgniter.php(315): CodeIgniter\CodeIgniter->handleRequest(NULL, Object(Config\Cache), false)
#7 C:\xampp\htdocs\agroplaza\index.php(45): CodeIgniter\CodeIgniter->run()
#8 {main}
CRITICAL - 2021-02-27 15:55:39 --> Unable to connect to the database.
#0 C:\xampp\htdocs\agroplaza\system\Database\BaseConnection.php(646): CodeIgniter\Database\BaseConnection->initialize()
#1 C:\xampp\htdocs\agroplaza\system\Database\BaseBuilder.php(1860): CodeIgniter\Database\BaseConnection->query('SELECT *\nFROM `...', Array, false)
#2 C:\xampp\htdocs\agroplaza\system\Model.php(404): CodeIgniter\Database\BaseBuilder->get()
#3 C:\xampp\htdocs\agroplaza\app\Controllers\Inicio.php(23): CodeIgniter\Model->find()
#4 C:\xampp\htdocs\agroplaza\system\CodeIgniter.php(921): App\Controllers\Inicio->validarDatosIngreso()
#5 C:\xampp\htdocs\agroplaza\system\CodeIgniter.php(407): CodeIgniter\CodeIgniter->runController(Object(App\Controllers\Inicio))
#6 C:\xampp\htdocs\agroplaza\system\CodeIgniter.php(315): CodeIgniter\CodeIgniter->handleRequest(NULL, Object(Config\Cache), false)
#7 C:\xampp\htdocs\agroplaza\index.php(45): CodeIgniter\CodeIgniter->run()
#8 {main}
CRITICAL - 2021-02-27 15:55:40 --> Unable to connect to the database.
#0 C:\xampp\htdocs\agroplaza\system\Database\BaseConnection.php(646): CodeIgniter\Database\BaseConnection->initialize()
#1 C:\xampp\htdocs\agroplaza\system\Database\BaseBuilder.php(1860): CodeIgniter\Database\BaseConnection->query('SELECT *\nFROM `...', Array, false)
#2 C:\xampp\htdocs\agroplaza\system\Model.php(404): CodeIgniter\Database\BaseBuilder->get()
#3 C:\xampp\htdocs\agroplaza\app\Controllers\Inicio.php(23): CodeIgniter\Model->find()
#4 C:\xampp\htdocs\agroplaza\system\CodeIgniter.php(921): App\Controllers\Inicio->validarDatosIngreso()
#5 C:\xampp\htdocs\agroplaza\system\CodeIgniter.php(407): CodeIgniter\CodeIgniter->runController(Object(App\Controllers\Inicio))
#6 C:\xampp\htdocs\agroplaza\system\CodeIgniter.php(315): CodeIgniter\CodeIgniter->handleRequest(NULL, Object(Config\Cache), false)
#7 C:\xampp\htdocs\agroplaza\index.php(45): CodeIgniter\CodeIgniter->run()
#8 {main}
CRITICAL - 2021-02-27 15:56:47 --> Undefined variable: registros
#0 C:\xampp\htdocs\agroplaza\app\Views\registrarvendedor.php(115): CodeIgniter\Debug\Exceptions->errorHandler(8, 'Undefined varia...', 'C:\\xampp\\htdocs...', 115, Array)
#1 C:\xampp\htdocs\agroplaza\system\View\View.php(246): include('C:\\xampp\\htdocs...')
#2 C:\xampp\htdocs\agroplaza\system\Common.php(1119): CodeIgniter\View\View->render('registrarvended...', Array, true)
#3 C:\xampp\htdocs\agroplaza\app\Controllers\Inicio.php(62): view('registrarvended...', Array)
#4 C:\xampp\htdocs\agroplaza\system\CodeIgniter.php(921): App\Controllers\Inicio->RegistrarVendedor()
#5 C:\xampp\htdocs\agroplaza\system\CodeIgniter.php(407): CodeIgniter\CodeIgniter->runController(Object(App\Controllers\Inicio))
#6 C:\xampp\htdocs\agroplaza\system\CodeIgniter.php(315): CodeIgniter\CodeIgniter->handleRequest(NULL, Object(Config\Cache), false)
#7 C:\xampp\htdocs\agroplaza\index.php(45): CodeIgniter\CodeIgniter->run()
#8 {main}
CRITICAL - 2021-02-27 18:06:34 --> syntax error, unexpected ';', expecting '('
#0 C:\xampp\htdocs\agroplaza\system\Autoloader\Autoloader.php(296): CodeIgniter\Autoloader\Autoloader->requireFile('C:\\xampp\\htdocs...')
#1 C:\xampp\htdocs\agroplaza\system\Autoloader\Autoloader.php(258): CodeIgniter\Autoloader\Autoloader->loadInNamespace('App\\Controllers...')
#2 [internal function]: CodeIgniter\Autoloader\Autoloader->loadClass('App\\Controllers...')
#3 [internal function]: spl_autoload_call('App\\Controllers...')
#4 C:\xampp\htdocs\agroplaza\system\CodeIgniter.php(872): class_exists('\\App\\Controller...', true)
#5 C:\xampp\htdocs\agroplaza\system\CodeIgniter.php(397): CodeIgniter\CodeIgniter->startController()
#6 C:\xampp\htdocs\agroplaza\system\CodeIgniter.php(315): CodeIgniter\CodeIgniter->handleRequest(NULL, Object(Config\Cache), false)
#7 C:\xampp\htdocs\agroplaza\index.php(45): CodeIgniter\CodeIgniter->run()
#8 {main}
CRITICAL - 2021-02-27 18:08:35 --> Call to undefined method App\Models\CiudadesModel::getList
#0 C:\xampp\htdocs\agroplaza\app\Controllers\Inicio.php(59): CodeIgniter\Model->__call('getList', Array)
#1 C:\xampp\htdocs\agroplaza\system\CodeIgniter.php(921): App\Controllers\Inicio->getCiudades()
#2 C:\xampp\htdocs\agroplaza\system\CodeIgniter.php(407): CodeIgniter\CodeIgniter->runController(Object(App\Controllers\Inicio))
#3 C:\xampp\htdocs\agroplaza\system\CodeIgniter.php(315): CodeIgniter\CodeIgniter->handleRequest(NULL, Object(Config\Cache), false)
#4 C:\xampp\htdocs\agroplaza\index.php(45): CodeIgniter\CodeIgniter->run()
#5 {main}
CRITICAL - 2021-02-27 18:09:04 --> Call to undefined method App\Models\CiudadesModel::getList
#0 C:\xampp\htdocs\agroplaza\app\Controllers\Inicio.php(59): CodeIgniter\Model->__call('getList', Array)
#1 C:\xampp\htdocs\agroplaza\system\CodeIgniter.php(921): App\Controllers\Inicio->getCiudades()
#2 C:\xampp\htdocs\agroplaza\system\CodeIgniter.php(407): CodeIgniter\CodeIgniter->runController(Object(App\Controllers\Inicio))
#3 C:\xampp\htdocs\agroplaza\system\CodeIgniter.php(315): CodeIgniter\CodeIgniter->handleRequest(NULL, Object(Config\Cache), false)
#4 C:\xampp\htdocs\agroplaza\index.php(45): CodeIgniter\CodeIgniter->run()
#5 {main}
CRITICAL - 2021-02-27 18:09:19 --> Call to undefined method App\Models\CiudadesModel::getList
#0 C:\xampp\htdocs\agroplaza\app\Controllers\Inicio.php(59): CodeIgniter\Model->__call('getList', Array)
#1 C:\xampp\htdocs\agroplaza\system\CodeIgniter.php(921): App\Controllers\Inicio->getCiudades()
#2 C:\xampp\htdocs\agroplaza\system\CodeIgniter.php(407): CodeIgniter\CodeIgniter->runController(Object(App\Controllers\Inicio))
#3 C:\xampp\htdocs\agroplaza\system\CodeIgniter.php(315): CodeIgniter\CodeIgniter->handleRequest(NULL, Object(Config\Cache), false)
#4 C:\xampp\htdocs\agroplaza\index.php(45): CodeIgniter\CodeIgniter->run()
#5 {main}
CRITICAL - 2021-02-27 18:10:32 --> Call to undefined method App\Models\CiudadesModel::getList
#0 C:\xampp\htdocs\agroplaza\app\Controllers\Inicio.php(59): CodeIgniter\Model->__call('getList', Array)
#1 C:\xampp\htdocs\agroplaza\system\CodeIgniter.php(921): App\Controllers\Inicio->getCiudades()
#2 C:\xampp\htdocs\agroplaza\system\CodeIgniter.php(407): CodeIgniter\CodeIgniter->runController(Object(App\Controllers\Inicio))
#3 C:\xampp\htdocs\agroplaza\system\CodeIgniter.php(315): CodeIgniter\CodeIgniter->handleRequest(NULL, Object(Config\Cache), false)
#4 C:\xampp\htdocs\agroplaza\index.php(45): CodeIgniter\CodeIgniter->run()
#5 {main}
CRITICAL - 2021-02-27 18:42:35 --> Call to undefined method App\Models\CiudadesModel::getList
#0 C:\xampp\htdocs\agroplaza\app\Controllers\Inicio.php(59): CodeIgniter\Model->__call('getList', Array)
#1 C:\xampp\htdocs\agroplaza\system\CodeIgniter.php(921): App\Controllers\Inicio->getCiudades()
#2 C:\xampp\htdocs\agroplaza\system\CodeIgniter.php(407): CodeIgniter\CodeIgniter->runController(Object(App\Controllers\Inicio))
#3 C:\xampp\htdocs\agroplaza\system\CodeIgniter.php(315): CodeIgniter\CodeIgniter->handleRequest(NULL, Object(Config\Cache), false)
#4 C:\xampp\htdocs\agroplaza\index.php(45): CodeIgniter\CodeIgniter->run()
#5 {main}
CRITICAL - 2021-02-27 18:44:04 --> Call to undefined method App\Models\CiudadesModel::getList
#0 C:\xampp\htdocs\agroplaza\app\Controllers\Inicio.php(59): CodeIgniter\Model->__call('getList', Array)
#1 C:\xampp\htdocs\agroplaza\system\CodeIgniter.php(921): App\Controllers\Inicio->getCiudades()
#2 C:\xampp\htdocs\agroplaza\system\CodeIgniter.php(407): CodeIgniter\CodeIgniter->runController(Object(App\Controllers\Inicio))
#3 C:\xampp\htdocs\agroplaza\system\CodeIgniter.php(315): CodeIgniter\CodeIgniter->handleRequest(NULL, Object(Config\Cache), false)
#4 C:\xampp\htdocs\agroplaza\index.php(45): CodeIgniter\CodeIgniter->run()
#5 {main}
CRITICAL - 2021-02-27 19:00:52 --> Array to string conversion
#0 C:\xampp\htdocs\agroplaza\app\Controllers\Inicio.php(68): CodeIgniter\Debug\Exceptions->errorHandler(8, 'Array to string...', 'C:\\xampp\\htdocs...', 68, Array)
#1 C:\xampp\htdocs\agroplaza\system\CodeIgniter.php(921): App\Controllers\Inicio->getCiudades()
#2 C:\xampp\htdocs\agroplaza\system\CodeIgniter.php(407): CodeIgniter\CodeIgniter->runController(Object(App\Controllers\Inicio))
#3 C:\xampp\htdocs\agroplaza\system\CodeIgniter.php(315): CodeIgniter\CodeIgniter->handleRequest(NULL, Object(Config\Cache), false)
#4 C:\xampp\htdocs\agroplaza\index.php(45): CodeIgniter\CodeIgniter->run()
#5 {main}
CRITICAL - 2021-02-27 19:01:08 --> Array to string conversion
#0 C:\xampp\htdocs\agroplaza\app\Controllers\Inicio.php(68): CodeIgniter\Debug\Exceptions->errorHandler(8, 'Array to string...', 'C:\\xampp\\htdocs...', 68, Array)
#1 C:\xampp\htdocs\agroplaza\system\CodeIgniter.php(921): App\Controllers\Inicio->getCiudades()
#2 C:\xampp\htdocs\agroplaza\system\CodeIgniter.php(407): CodeIgniter\CodeIgniter->runController(Object(App\Controllers\Inicio))
#3 C:\xampp\htdocs\agroplaza\system\CodeIgniter.php(315): CodeIgniter\CodeIgniter->handleRequest(NULL, Object(Config\Cache), false)
#4 C:\xampp\htdocs\agroplaza\index.php(45): CodeIgniter\CodeIgniter->run()
#5 {main}
CRITICAL - 2021-02-27 19:01:56 --> Array to string conversion
#0 C:\xampp\htdocs\agroplaza\app\Controllers\Inicio.php(68): CodeIgniter\Debug\Exceptions->errorHandler(8, 'Array to string...', 'C:\\xampp\\htdocs...', 68, Array)
#1 C:\xampp\htdocs\agroplaza\system\CodeIgniter.php(921): App\Controllers\Inicio->getCiudades()
#2 C:\xampp\htdocs\agroplaza\system\CodeIgniter.php(407): CodeIgniter\CodeIgniter->runController(Object(App\Controllers\Inicio))
#3 C:\xampp\htdocs\agroplaza\system\CodeIgniter.php(315): CodeIgniter\CodeIgniter->handleRequest(NULL, Object(Config\Cache), false)
#4 C:\xampp\htdocs\agroplaza\index.php(45): CodeIgniter\CodeIgniter->run()
#5 {main}
CRITICAL - 2021-02-27 19:09:59 --> sizeof(): Parameter must be an array or an object that implements Countable
#0 [internal function]: CodeIgniter\Debug\Exceptions->errorHandler(2, 'sizeof(): Param...', 'C:\\xampp\\htdocs...', 61, Array)
#1 C:\xampp\htdocs\agroplaza\app\Controllers\Inicio.php(61): sizeof(Object(CodeIgniter\Database\MySQLi\Result))
#2 C:\xampp\htdocs\agroplaza\system\CodeIgniter.php(921): App\Controllers\Inicio->getCiudades()
#3 C:\xampp\htdocs\agroplaza\system\CodeIgniter.php(407): CodeIgniter\CodeIgniter->runController(Object(App\Controllers\Inicio))
#4 C:\xampp\htdocs\agroplaza\system\CodeIgniter.php(315): CodeIgniter\CodeIgniter->handleRequest(NULL, Object(Config\Cache), false)
#5 C:\xampp\htdocs\agroplaza\index.php(45): CodeIgniter\CodeIgniter->run()
#6 {main}
CRITICAL - 2021-02-27 19:15:42 --> Call to undefined method App\Models\CiudadesModel::getResult
#0 C:\xampp\htdocs\agroplaza\app\Controllers\Inicio.php(59): CodeIgniter\Model->__call('getResult', Array)
#1 C:\xampp\htdocs\agroplaza\system\CodeIgniter.php(921): App\Controllers\Inicio->getCiudades()
#2 C:\xampp\htdocs\agroplaza\system\CodeIgniter.php(407): CodeIgniter\CodeIgniter->runController(Object(App\Controllers\Inicio))
#3 C:\xampp\htdocs\agroplaza\system\CodeIgniter.php(315): CodeIgniter\CodeIgniter->handleRequest(NULL, Object(Config\Cache), false)
#4 C:\xampp\htdocs\agroplaza\index.php(45): CodeIgniter\CodeIgniter->run()
#5 {main}
CRITICAL - 2021-02-27 19:15:51 --> Call to undefined method App\Models\CiudadesModel::getResult
#0 C:\xampp\htdocs\agroplaza\app\Controllers\Inicio.php(59): CodeIgniter\Model->__call('getResult', Array)
#1 C:\xampp\htdocs\agroplaza\system\CodeIgniter.php(921): App\Controllers\Inicio->getCiudades()
#2 C:\xampp\htdocs\agroplaza\system\CodeIgniter.php(407): CodeIgniter\CodeIgniter->runController(Object(App\Controllers\Inicio))
#3 C:\xampp\htdocs\agroplaza\system\CodeIgniter.php(315): CodeIgniter\CodeIgniter->handleRequest(NULL, Object(Config\Cache), false)
#4 C:\xampp\htdocs\agroplaza\index.php(45): CodeIgniter\CodeIgniter->run()
#5 {main}
CRITICAL - 2021-02-27 19:21:57 --> Undefined index: nombre
#0 C:\xampp\htdocs\agroplaza\app\Controllers\Inicio.php(64): CodeIgniter\Debug\Exceptions->errorHandler(8, 'Undefined index...', 'C:\\xampp\\htdocs...', 64, Array)
#1 C:\xampp\htdocs\agroplaza\system\CodeIgniter.php(921): App\Controllers\Inicio->getCiudades()
#2 C:\xampp\htdocs\agroplaza\system\CodeIgniter.php(407): CodeIgniter\CodeIgniter->runController(Object(App\Controllers\Inicio))
#3 C:\xampp\htdocs\agroplaza\system\CodeIgniter.php(315): CodeIgniter\CodeIgniter->handleRequest(NULL, Object(Config\Cache), false)
#4 C:\xampp\htdocs\agroplaza\index.php(45): CodeIgniter\CodeIgniter->run()
#5 {main}
CRITICAL - 2021-02-27 19:24:59 --> syntax error, unexpected '}', expecting ',' or ';'
#0 C:\xampp\htdocs\agroplaza\system\Autoloader\Autoloader.php(296): CodeIgniter\Autoloader\Autoloader->requireFile('C:\\xampp\\htdocs...')
#1 C:\xampp\htdocs\agroplaza\system\Autoloader\Autoloader.php(258): CodeIgniter\Autoloader\Autoloader->loadInNamespace('App\\Controllers...')
#2 [internal function]: CodeIgniter\Autoloader\Autoloader->loadClass('App\\Controllers...')
#3 [internal function]: spl_autoload_call('App\\Controllers...')
#4 C:\xampp\htdocs\agroplaza\system\CodeIgniter.php(872): class_exists('\\App\\Controller...', true)
#5 C:\xampp\htdocs\agroplaza\system\CodeIgniter.php(397): CodeIgniter\CodeIgniter->startController()
#6 C:\xampp\htdocs\agroplaza\system\CodeIgniter.php(315): CodeIgniter\CodeIgniter->handleRequest(NULL, Object(Config\Cache), false)
#7 C:\xampp\htdocs\agroplaza\index.php(45): CodeIgniter\CodeIgniter->run()
#8 {main}
CRITICAL - 2021-02-27 19:25:07 --> Undefined index: nombre
#0 C:\xampp\htdocs\agroplaza\app\Controllers\Inicio.php(64): CodeIgniter\Debug\Exceptions->errorHandler(8, 'Undefined index...', 'C:\\xampp\\htdocs...', 64, Array)
#1 C:\xampp\htdocs\agroplaza\system\CodeIgniter.php(921): App\Controllers\Inicio->getCiudades()
#2 C:\xampp\htdocs\agroplaza\system\CodeIgniter.php(407): CodeIgniter\CodeIgniter->runController(Object(App\Controllers\Inicio))
#3 C:\xampp\htdocs\agroplaza\system\CodeIgniter.php(315): CodeIgniter\CodeIgniter->handleRequest(NULL, Object(Config\Cache), false)
#4 C:\xampp\htdocs\agroplaza\index.php(45): CodeIgniter\CodeIgniter->run()
#5 {main}
CRITICAL - 2021-02-27 19:25:55 --> Undefined index: id
#0 C:\xampp\htdocs\agroplaza\app\Controllers\Inicio.php(63): CodeIgniter\Debug\Exceptions->errorHandler(8, 'Undefined index...', 'C:\\xampp\\htdocs...', 63, Array)
#1 C:\xampp\htdocs\agroplaza\system\CodeIgniter.php(921): App\Controllers\Inicio->getCiudades()
#2 C:\xampp\htdocs\agroplaza\system\CodeIgniter.php(407): CodeIgniter\CodeIgniter->runController(Object(App\Controllers\Inicio))
#3 C:\xampp\htdocs\agroplaza\system\CodeIgniter.php(315): CodeIgniter\CodeIgniter->handleRequest(NULL, Object(Config\Cache), false)
#4 C:\xampp\htdocs\agroplaza\index.php(45): CodeIgniter\CodeIgniter->run()
#5 {main}
CRITICAL - 2021-02-27 19:26:18 --> Undefined index: id
#0 C:\xampp\htdocs\agroplaza\app\Controllers\Inicio.php(63): CodeIgniter\Debug\Exceptions->errorHandler(8, 'Undefined index...', 'C:\\xampp\\htdocs...', 63, Array)
#1 C:\xampp\htdocs\agroplaza\system\CodeIgniter.php(921): App\Controllers\Inicio->getCiudades()
#2 C:\xampp\htdocs\agroplaza\system\CodeIgniter.php(407): CodeIgniter\CodeIgniter->runController(Object(App\Controllers\Inicio))
#3 C:\xampp\htdocs\agroplaza\system\CodeIgniter.php(315): CodeIgniter\CodeIgniter->handleRequest(NULL, Object(Config\Cache), false)
#4 C:\xampp\htdocs\agroplaza\index.php(45): CodeIgniter\CodeIgniter->run()
#5 {main}
CRITICAL - 2021-02-27 19:27:35 --> Undefined variable: fila
#0 C:\xampp\htdocs\agroplaza\app\Controllers\Inicio.php(63): CodeIgniter\Debug\Exceptions->errorHandler(8, 'Undefined varia...', 'C:\\xampp\\htdocs...', 63, Array)
#1 C:\xampp\htdocs\agroplaza\system\CodeIgniter.php(921): App\Controllers\Inicio->getCiudades()
#2 C:\xampp\htdocs\agroplaza\system\CodeIgniter.php(407): CodeIgniter\CodeIgniter->runController(Object(App\Controllers\Inicio))
#3 C:\xampp\htdocs\agroplaza\system\CodeIgniter.php(315): CodeIgniter\CodeIgniter->handleRequest(NULL, Object(Config\Cache), false)
#4 C:\xampp\htdocs\agroplaza\index.php(45): CodeIgniter\CodeIgniter->run()
#5 {main}
CRITICAL - 2021-02-27 19:28:14 --> Undefined variable: fila
#0 C:\xampp\htdocs\agroplaza\app\Controllers\Inicio.php(63): CodeIgniter\Debug\Exceptions->errorHandler(8, 'Undefined varia...', 'C:\\xampp\\htdocs...', 63, Array)
#1 C:\xampp\htdocs\agroplaza\system\CodeIgniter.php(921): App\Controllers\Inicio->getCiudades()
#2 C:\xampp\htdocs\agroplaza\system\CodeIgniter.php(407): CodeIgniter\CodeIgniter->runController(Object(App\Controllers\Inicio))
#3 C:\xampp\htdocs\agroplaza\system\CodeIgniter.php(315): CodeIgniter\CodeIgniter->handleRequest(NULL, Object(Config\Cache), false)
#4 C:\xampp\htdocs\agroplaza\index.php(45): CodeIgniter\CodeIgniter->run()
#5 {main}
CRITICAL - 2021-02-27 19:40:28 --> Call to undefined method CodeIgniter\Database\MySQLi\Result::result()
#0 C:\xampp\htdocs\agroplaza\system\CodeIgniter.php(921): App\Controllers\Inicio->getCiudades()
#1 C:\xampp\htdocs\agroplaza\system\CodeIgniter.php(407): CodeIgniter\CodeIgniter->runController(Object(App\Controllers\Inicio))
#2 C:\xampp\htdocs\agroplaza\system\CodeIgniter.php(315): CodeIgniter\CodeIgniter->handleRequest(NULL, Object(Config\Cache), false)
#3 C:\xampp\htdocs\agroplaza\index.php(45): CodeIgniter\CodeIgniter->run()
#4 {main}
CRITICAL - 2021-02-27 19:52:03 --> Call to undefined method App\Models\CiudadesModel::row_array
#0 C:\xampp\htdocs\agroplaza\app\Controllers\Inicio.php(60): CodeIgniter\Model->__call('row_array', Array)
#1 C:\xampp\htdocs\agroplaza\system\CodeIgniter.php(921): App\Controllers\Inicio->getCiudades()
#2 C:\xampp\htdocs\agroplaza\system\CodeIgniter.php(407): CodeIgniter\CodeIgniter->runController(Object(App\Controllers\Inicio))
#3 C:\xampp\htdocs\agroplaza\system\CodeIgniter.php(315): CodeIgniter\CodeIgniter->handleRequest(NULL, Object(Config\Cache), false)
#4 C:\xampp\htdocs\agroplaza\index.php(45): CodeIgniter\CodeIgniter->run()
#5 {main}
CRITICAL - 2021-02-27 20:06:38 --> Undefined property: App\Controllers\Inicio::$ciudades_db
#0 C:\xampp\htdocs\agroplaza\app\Controllers\Inicio.php(59): CodeIgniter\Debug\Exceptions->errorHandler(8, 'Undefined prope...', 'C:\\xampp\\htdocs...', 59, Array)
#1 C:\xampp\htdocs\agroplaza\system\CodeIgniter.php(921): App\Controllers\Inicio->getCiudades()
#2 C:\xampp\htdocs\agroplaza\system\CodeIgniter.php(407): CodeIgniter\CodeIgniter->runController(Object(App\Controllers\Inicio))
#3 C:\xampp\htdocs\agroplaza\system\CodeIgniter.php(315): CodeIgniter\CodeIgniter->handleRequest(NULL, Object(Config\Cache), false)
#4 C:\xampp\htdocs\agroplaza\index.php(45): CodeIgniter\CodeIgniter->run()
#5 {main}
CRITICAL - 2021-02-27 20:32:51 --> syntax error, unexpected '$email' (T_VARIABLE), expecting ';' or '{'
#0 C:\xampp\htdocs\agroplaza\system\Autoloader\Autoloader.php(296): CodeIgniter\Autoloader\Autoloader->requireFile('C:\\xampp\\htdocs...')
#1 C:\xampp\htdocs\agroplaza\system\Autoloader\Autoloader.php(258): CodeIgniter\Autoloader\Autoloader->loadInNamespace('App\\Controllers...')
#2 [internal function]: CodeIgniter\Autoloader\Autoloader->loadClass('App\\Controllers...')
#3 [internal function]: spl_autoload_call('App\\Controllers...')
#4 C:\xampp\htdocs\agroplaza\system\CodeIgniter.php(872): class_exists('\\App\\Controller...', true)
#5 C:\xampp\htdocs\agroplaza\system\CodeIgniter.php(397): CodeIgniter\CodeIgniter->startController()
#6 C:\xampp\htdocs\agroplaza\system\CodeIgniter.php(315): CodeIgniter\CodeIgniter->handleRequest(NULL, Object(Config\Cache), false)
#7 C:\xampp\htdocs\agroplaza\index.php(45): CodeIgniter\CodeIgniter->run()
#8 {main}
CRITICAL - 2021-02-27 21:29:19 --> Invalid file: registrar_datos_especializacion.php
#0 C:\xampp\htdocs\agroplaza\system\View\View.php(228): CodeIgniter\Exceptions\FrameworkException::forInvalidFile('registrar_datos...')
#1 C:\xampp\htdocs\agroplaza\system\Common.php(1119): CodeIgniter\View\View->render('registrar_datos...', Array, true)
#2 C:\xampp\htdocs\agroplaza\app\Controllers\Inicio.php(121): view('registrar_datos...')
#3 C:\xampp\htdocs\agroplaza\system\CodeIgniter.php(921): App\Controllers\Inicio->RegistrarDatosEspecializacion()
#4 C:\xampp\htdocs\agroplaza\system\CodeIgniter.php(407): CodeIgniter\CodeIgniter->runController(Object(App\Controllers\Inicio))
#5 C:\xampp\htdocs\agroplaza\system\CodeIgniter.php(315): CodeIgniter\CodeIgniter->handleRequest(NULL, Object(Config\Cache), false)
#6 C:\xampp\htdocs\agroplaza\index.php(45): CodeIgniter\CodeIgniter->run()
#7 {main}
CRITICAL - 2021-02-27 21:30:05 --> Undefined variable: departamentos
#0 C:\xampp\htdocs\agroplaza\app\Views\registrar_datos_especializacion.php(114): CodeIgniter\Debug\Exceptions->errorHandler(8, 'Undefined varia...', 'C:\\xampp\\htdocs...', 114, Array)
#1 C:\xampp\htdocs\agroplaza\system\View\View.php(246): include('C:\\xampp\\htdocs...')
#2 C:\xampp\htdocs\agroplaza\system\Common.php(1119): CodeIgniter\View\View->render('registrar_datos...', Array, true)
#3 C:\xampp\htdocs\agroplaza\app\Controllers\Inicio.php(121): view('registrar_datos...')
#4 C:\xampp\htdocs\agroplaza\system\CodeIgniter.php(921): App\Controllers\Inicio->RegistrarDatosEspecializacion()
#5 C:\xampp\htdocs\agroplaza\system\CodeIgniter.php(407): CodeIgniter\CodeIgniter->runController(Object(App\Controllers\Inicio))
#6 C:\xampp\htdocs\agroplaza\system\CodeIgniter.php(315): CodeIgniter\CodeIgniter->handleRequest(NULL, Object(Config\Cache), false)
#7 C:\xampp\htdocs\agroplaza\index.php(45): CodeIgniter\CodeIgniter->run()
#8 {main}
