CRITICAL - 2021-02-18 11:42:54 --> Unable to connect to the database.
#0 C:\xampp\htdocs\ProyectoBase\system\Database\BaseConnection.php(646): CodeIgniter\Database\BaseConnection->initialize()
#1 C:\xampp\htdocs\ProyectoBase\system\Database\BaseBuilder.php(1860): CodeIgniter\Database\BaseConnection->query('SELECT *\nFROM `...', Array, false)
#2 C:\xampp\htdocs\ProyectoBase\system\Model.php(462): CodeIgniter\Database\BaseBuilder->get()
#3 C:\xampp\htdocs\ProyectoBase\app\Controllers\Inicio.php(28): CodeIgniter\Model->findAll()
#4 C:\xampp\htdocs\ProyectoBase\system\CodeIgniter.php(921): App\Controllers\Inicio->getClientes()
#5 C:\xampp\htdocs\ProyectoBase\system\CodeIgniter.php(407): CodeIgniter\CodeIgniter->runController(Object(App\Controllers\Inicio))
#6 C:\xampp\htdocs\ProyectoBase\system\CodeIgniter.php(315): CodeIgniter\CodeIgniter->handleRequest(NULL, Object(Config\Cache), false)
#7 C:\xampp\htdocs\ProyectoBase\index.php(45): CodeIgniter\CodeIgniter->run()
#8 {main}
CRITICAL - 2021-02-18 11:46:41 --> Unable to connect to the database.
#0 C:\xampp\htdocs\AgroPlaza\system\Database\BaseConnection.php(646): CodeIgniter\Database\BaseConnection->initialize()
#1 C:\xampp\htdocs\AgroPlaza\system\Database\BaseBuilder.php(1860): CodeIgniter\Database\BaseConnection->query('SELECT *\nFROM `...', Array, false)
#2 C:\xampp\htdocs\AgroPlaza\system\Model.php(462): CodeIgniter\Database\BaseBuilder->get()
#3 C:\xampp\htdocs\AgroPlaza\app\Controllers\Inicio.php(28): CodeIgniter\Model->findAll()
#4 C:\xampp\htdocs\AgroPlaza\system\CodeIgniter.php(921): App\Controllers\Inicio->getClientes()
#5 C:\xampp\htdocs\AgroPlaza\system\CodeIgniter.php(407): CodeIgniter\CodeIgniter->runController(Object(App\Controllers\Inicio))
#6 C:\xampp\htdocs\AgroPlaza\system\CodeIgniter.php(315): CodeIgniter\CodeIgniter->handleRequest(NULL, Object(Config\Cache), false)
#7 C:\xampp\htdocs\AgroPlaza\index.php(45): CodeIgniter\CodeIgniter->run()
#8 {main}
CRITICAL - 2021-02-18 11:46:56 --> Unable to connect to the database.
#0 C:\xampp\htdocs\AgroPlaza\system\Database\BaseConnection.php(646): CodeIgniter\Database\BaseConnection->initialize()
#1 C:\xampp\htdocs\AgroPlaza\system\Database\BaseBuilder.php(1860): CodeIgniter\Database\BaseConnection->query('SELECT *\nFROM `...', Array, false)
#2 C:\xampp\htdocs\AgroPlaza\system\Model.php(462): CodeIgniter\Database\BaseBuilder->get()
#3 C:\xampp\htdocs\AgroPlaza\app\Controllers\Inicio.php(28): CodeIgniter\Model->findAll()
#4 C:\xampp\htdocs\AgroPlaza\system\CodeIgniter.php(921): App\Controllers\Inicio->getClientes()
#5 C:\xampp\htdocs\AgroPlaza\system\CodeIgniter.php(407): CodeIgniter\CodeIgniter->runController(Object(App\Controllers\Inicio))
#6 C:\xampp\htdocs\AgroPlaza\system\CodeIgniter.php(315): CodeIgniter\CodeIgniter->handleRequest(NULL, Object(Config\Cache), false)
#7 C:\xampp\htdocs\AgroPlaza\index.php(45): CodeIgniter\CodeIgniter->run()
#8 {main}
CRITICAL - 2021-02-18 11:47:12 --> Unable to connect to the database.
#0 C:\xampp\htdocs\AgroPlaza\system\Database\BaseConnection.php(646): CodeIgniter\Database\BaseConnection->initialize()
#1 C:\xampp\htdocs\AgroPlaza\system\Database\BaseBuilder.php(1860): CodeIgniter\Database\BaseConnection->query('SELECT *\nFROM `...', Array, false)
#2 C:\xampp\htdocs\AgroPlaza\system\Model.php(462): CodeIgniter\Database\BaseBuilder->get()
#3 C:\xampp\htdocs\AgroPlaza\app\Controllers\Inicio.php(28): CodeIgniter\Model->findAll()
#4 C:\xampp\htdocs\AgroPlaza\system\CodeIgniter.php(921): App\Controllers\Inicio->getClientes()
#5 C:\xampp\htdocs\AgroPlaza\system\CodeIgniter.php(407): CodeIgniter\CodeIgniter->runController(Object(App\Controllers\Inicio))
#6 C:\xampp\htdocs\AgroPlaza\system\CodeIgniter.php(315): CodeIgniter\CodeIgniter->handleRequest(NULL, Object(Config\Cache), false)
#7 C:\xampp\htdocs\AgroPlaza\index.php(45): CodeIgniter\CodeIgniter->run()
#8 {main}
CRITICAL - 2021-02-18 11:47:20 --> Table 'agroplaza_db.clientes' doesn't exist
#0 C:\xampp\htdocs\AgroPlaza\system\Database\MySQLi\Connection.php(331): mysqli->query('SELECT *\nFROM `...')
#1 C:\xampp\htdocs\AgroPlaza\system\Database\BaseConnection.php(741): CodeIgniter\Database\MySQLi\Connection->execute('SELECT *\nFROM `...')
#2 C:\xampp\htdocs\AgroPlaza\system\Database\BaseConnection.php(669): CodeIgniter\Database\BaseConnection->simpleQuery('SELECT *\nFROM `...')
#3 C:\xampp\htdocs\AgroPlaza\system\Database\BaseBuilder.php(1860): CodeIgniter\Database\BaseConnection->query('SELECT *\nFROM `...', Array, false)
#4 C:\xampp\htdocs\AgroPlaza\system\Model.php(462): CodeIgniter\Database\BaseBuilder->get()
#5 C:\xampp\htdocs\AgroPlaza\app\Controllers\Inicio.php(28): CodeIgniter\Model->findAll()
#6 C:\xampp\htdocs\AgroPlaza\system\CodeIgniter.php(921): App\Controllers\Inicio->getClientes()
#7 C:\xampp\htdocs\AgroPlaza\system\CodeIgniter.php(407): CodeIgniter\CodeIgniter->runController(Object(App\Controllers\Inicio))
#8 C:\xampp\htdocs\AgroPlaza\system\CodeIgniter.php(315): CodeIgniter\CodeIgniter->handleRequest(NULL, Object(Config\Cache), false)
#9 C:\xampp\htdocs\AgroPlaza\index.php(45): CodeIgniter\CodeIgniter->run()
#10 {main}
CRITICAL - 2021-02-18 14:20:47 --> syntax error, unexpected 'if' (T_IF)
#0 C:\xampp\htdocs\AgroPlaza\system\CodeIgniter.php(367): CodeIgniter\CodeIgniter->tryToRouteIt(NULL)
#1 C:\xampp\htdocs\AgroPlaza\system\CodeIgniter.php(315): CodeIgniter\CodeIgniter->handleRequest(NULL, Object(Config\Cache), false)
#2 C:\xampp\htdocs\AgroPlaza\index.php(45): CodeIgniter\CodeIgniter->run()
#3 {main}
CRITICAL - 2021-02-18 14:20:47 --> syntax error, unexpected 'if' (T_IF)
#0 C:\xampp\htdocs\AgroPlaza\system\CodeIgniter.php(367): CodeIgniter\CodeIgniter->tryToRouteIt(NULL)
#1 C:\xampp\htdocs\AgroPlaza\system\CodeIgniter.php(315): CodeIgniter\CodeIgniter->handleRequest(NULL, Object(Config\Cache), false)
#2 C:\xampp\htdocs\AgroPlaza\index.php(45): CodeIgniter\CodeIgniter->run()
#3 {main}
CRITICAL - 2021-02-18 15:02:40 --> Too few arguments to function CodeIgniter\Database\BaseBuilder::where(), 0 passed in C:\xampp\htdocs\AgroPlaza\system\Model.php on line 1818 and at least 1 expected
#0 C:\xampp\htdocs\AgroPlaza\system\Model.php(1818): CodeIgniter\Database\BaseBuilder->where()
#1 C:\xampp\htdocs\AgroPlaza\app\Controllers\Inicio.php(17): CodeIgniter\Model->__call('where', Array)
#2 C:\xampp\htdocs\AgroPlaza\system\CodeIgniter.php(921): App\Controllers\Inicio->validarDatosIngreso()
#3 C:\xampp\htdocs\AgroPlaza\system\CodeIgniter.php(407): CodeIgniter\CodeIgniter->runController(Object(App\Controllers\Inicio))
#4 C:\xampp\htdocs\AgroPlaza\system\CodeIgniter.php(315): CodeIgniter\CodeIgniter->handleRequest(NULL, Object(Config\Cache), false)
#5 C:\xampp\htdocs\AgroPlaza\index.php(45): CodeIgniter\CodeIgniter->run()
#6 {main}
CRITICAL - 2021-02-18 15:16:43 --> Undefined property: App\Controllers\Inicio::$session
#0 C:\xampp\htdocs\AgroPlaza\app\Controllers\Inicio.php(22): CodeIgniter\Debug\Exceptions->errorHandler(8, 'Undefined prope...', 'C:\\xampp\\htdocs...', 22, Array)
#1 C:\xampp\htdocs\AgroPlaza\system\CodeIgniter.php(921): App\Controllers\Inicio->validarDatosIngreso()
#2 C:\xampp\htdocs\AgroPlaza\system\CodeIgniter.php(407): CodeIgniter\CodeIgniter->runController(Object(App\Controllers\Inicio))
#3 C:\xampp\htdocs\AgroPlaza\system\CodeIgniter.php(315): CodeIgniter\CodeIgniter->handleRequest(NULL, Object(Config\Cache), false)
#4 C:\xampp\htdocs\AgroPlaza\index.php(45): CodeIgniter\CodeIgniter->run()
#5 {main}
CRITICAL - 2021-02-18 21:17:23 --> Invalid file: Admin/inicio_admin.php
#0 C:\xampp\htdocs\AgroPlaza\system\View\View.php(228): CodeIgniter\Exceptions\FrameworkException::forInvalidFile('Admin/inicio_ad...')
#1 C:\xampp\htdocs\AgroPlaza\system\Common.php(1119): CodeIgniter\View\View->render('Admin/inicio_ad...', Array, true)
#2 C:\xampp\htdocs\AgroPlaza\app\Controllers\Inicio.php(32): view('Admin/inicio_ad...')
#3 C:\xampp\htdocs\AgroPlaza\system\CodeIgniter.php(921): App\Controllers\Inicio->cargarVistaInicio()
#4 C:\xampp\htdocs\AgroPlaza\system\CodeIgniter.php(407): CodeIgniter\CodeIgniter->runController(Object(App\Controllers\Inicio))
#5 C:\xampp\htdocs\AgroPlaza\system\CodeIgniter.php(315): CodeIgniter\CodeIgniter->handleRequest(NULL, Object(Config\Cache), false)
#6 C:\xampp\htdocs\AgroPlaza\index.php(45): CodeIgniter\CodeIgniter->run()
#7 {main}
